#
# There is insufficient memory for the Java Runtime Environment to continue.
# Native memory allocation (malloc) failed to allocate 2219056 bytes for Chunk::new
# Possible reasons:
#   The system is out of physical RAM or swap space
#   The process is running with CompressedOops enabled, and the Java Heap may be blocking the growth of the native heap
# Possible solutions:
#   Reduce memory load on the system
#   Increase physical memory or swap space
#   Check if swap backing store is full
#   Decrease Java heap size (-Xmx/-Xms)
#   Decrease number of Java threads
#   Decrease Java thread stack sizes (-Xss)
#   Set larger code cache with -XX:ReservedCodeCacheSize=
#   JVM is running with Zero Based Compressed Oops mode in which the Java heap is
#     placed in the first 32GB address space. The Java Heap base address is the
#     maximum limit for the native heap growth. Please use -XX:HeapBaseMinAddress
#     to set the Java Heap base and to place the Java Heap above 32GB virtual address.
# This output file may be truncated or incomplete.
#
#  Out of Memory Error (./open/src/hotspot/share/memory/arena.cpp:197), pid=16668, tid=134544
#
# JRE version: Java(TM) SE Runtime Environment 18.9 (11.0.11+9) (build 11.0.11+9-LTS-194)
# Java VM: Java HotSpot(TM) 64-Bit Server VM 18.9 (11.0.11+9-LTS-194, mixed mode, tiered, compressed oops, g1 gc, windows-amd64)
# No core dump will be written. Minidumps are not enabled by default on client versions of Windows
#

---------------  S U M M A R Y ------------

Command Line: -ea -Didea.test.cyclic.buffer.size=1048576 -javaagent:D:\idea_home\IntelliJ IDEA 2022.3.3\lib\idea_rt.jar=56231:D:\idea_home\IntelliJ IDEA 2022.3.3\bin -Dfile.encoding=UTF-8 com.intellij.rt.junit.JUnitStarter -ideVersion5 -junit5 com.lms.lmsapi.lmsapiTest,test

Host: AMD Ryzen 5 2500U with Radeon Vega Mobile Gfx  , 8 cores, 22G,  Windows 10 , 64 bit Build 19041 (10.0.19041.3155)
Time: Wed Sep  6 11:09:22 2023 中国标准时间 elapsed time: 18.476379 seconds (0d 0h 0m 18s)

---------------  T H R E A D  ---------------

Current thread (0x0000018c201ee800):  JavaThread "C2 CompilerThread1" daemon [_thread_in_native, id=134544, stack(0x000000613da00000,0x000000613db00000)]


Current CompileTask:
C2:  18476 6079   !   4       org.springframework.aop.aspectj.AspectJExpressionPointcut::getTargetShadowMatch (66 bytes)

Stack: [0x000000613da00000,0x000000613db00000]
Native frames: (J=compiled Java code, j=interpreted, Vv=VM code, C=native code)
V  [jvm.dll+0x616f2a]
V  [jvm.dll+0x74de7f]
V  [jvm.dll+0x74f505]
V  [jvm.dll+0x74fb83]
V  [jvm.dll+0x2436d8]
V  [jvm.dll+0xba68c]
V  [jvm.dll+0xbad8c]
V  [jvm.dll+0x3462b7]
V  [jvm.dll+0x3140c3]
V  [jvm.dll+0x31340a]
V  [jvm.dll+0x1fd045]
V  [jvm.dll+0x1fc22f]
V  [jvm.dll+0x17f0bc]
V  [jvm.dll+0x20b68c]
V  [jvm.dll+0x20978b]
V  [jvm.dll+0x7152c9]
V  [jvm.dll+0x70dfc4]
V  [jvm.dll+0x6160f6]
C  [ucrtbase.dll+0x21bb2]
C  [KERNEL32.DLL+0x17614]
C  [ntdll.dll+0x526b1]


---------------  P R O C E S S  ---------------

Threads class SMR info:
_java_thread_list=0x0000018c22aa73a0, length=14, elements={
0x0000018c77698000, 0x0000018c1fdcf000, 0x0000018c1fddf000, 0x0000018c1fe66000,
0x0000018c1fe68000, 0x0000018c1fe6b000, 0x0000018c1fe78800, 0x0000018c1fe85800,
0x0000018c1fda1800, 0x0000018c20162800, 0x0000018c2016d000, 0x0000018c22a8a800,
0x0000018c201ee800, 0x0000018c22a8d000
}

Java Threads: ( => current thread )
  0x0000018c77698000 JavaThread "main" [_thread_in_vm, id=112900, stack(0x000000613c800000,0x000000613c900000)]
  0x0000018c1fdcf000 JavaThread "Reference Handler" daemon [_thread_blocked, id=129172, stack(0x000000613cf00000,0x000000613d000000)]
  0x0000018c1fddf000 JavaThread "Finalizer" daemon [_thread_blocked, id=125172, stack(0x000000613d000000,0x000000613d100000)]
  0x0000018c1fe66000 JavaThread "Signal Dispatcher" daemon [_thread_blocked, id=129168, stack(0x000000613d100000,0x000000613d200000)]
  0x0000018c1fe68000 JavaThread "Attach Listener" daemon [_thread_blocked, id=132632, stack(0x000000613d200000,0x000000613d300000)]
  0x0000018c1fe6b000 JavaThread "C2 CompilerThread0" daemon [_thread_in_native, id=27208, stack(0x000000613d300000,0x000000613d400000)]
  0x0000018c1fe78800 JavaThread "C1 CompilerThread0" daemon [_thread_blocked, id=128936, stack(0x000000613d400000,0x000000613d500000)]
  0x0000018c1fe85800 JavaThread "Sweeper thread" daemon [_thread_blocked, id=126372, stack(0x000000613d500000,0x000000613d600000)]
  0x0000018c1fda1800 JavaThread "Common-Cleaner" daemon [_thread_blocked, id=134124, stack(0x000000613d600000,0x000000613d700000)]
  0x0000018c20162800 JavaThread "Monitor Ctrl-Break" daemon [_thread_in_native, id=126136, stack(0x000000613d700000,0x000000613d800000)]
  0x0000018c2016d000 JavaThread "Service Thread" daemon [_thread_blocked, id=131028, stack(0x000000613d800000,0x000000613d900000)]
  0x0000018c22a8a800 JavaThread "Abandoned connection cleanup thread" daemon [_thread_blocked, id=134460, stack(0x000000613e400000,0x000000613e500000)]
=>0x0000018c201ee800 JavaThread "C2 CompilerThread1" daemon [_thread_in_native, id=134544, stack(0x000000613da00000,0x000000613db00000)]
  0x0000018c22a8d000 JavaThread "C2 CompilerThread2" daemon [_thread_in_native, id=134548, stack(0x000000613db00000,0x000000613dc00000)]

Other Threads:
  0x0000018c1fdcc000 VMThread "VM Thread" [stack: 0x000000613ce00000,0x000000613cf00000] [id=115596]
  0x0000018c2016f000 WatcherThread [stack: 0x000000613d900000,0x000000613da00000] [id=133716]
  0x0000018c776ad000 GCTaskThread "GC Thread#0" [stack: 0x000000613c900000,0x000000613ca00000] [id=132456]
  0x0000018c20c5d000 GCTaskThread "GC Thread#1" [stack: 0x000000613dc00000,0x000000613dd00000] [id=133240]
  0x0000018c209d9000 GCTaskThread "GC Thread#2" [stack: 0x000000613dd00000,0x000000613de00000] [id=113308]
  0x0000018c20bf0000 GCTaskThread "GC Thread#3" [stack: 0x000000613de00000,0x000000613df00000] [id=131204]
  0x0000018c20c28000 GCTaskThread "GC Thread#4" [stack: 0x000000613df00000,0x000000613e000000] [id=128800]
  0x0000018c20bb5000 GCTaskThread "GC Thread#5" [stack: 0x000000613e000000,0x000000613e100000] [id=131972]
  0x0000018c20937000 GCTaskThread "GC Thread#6" [stack: 0x000000613e100000,0x000000613e200000] [id=131172]
  0x0000018c20c3b800 GCTaskThread "GC Thread#7" [stack: 0x000000613e200000,0x000000613e300000] [id=131124]
  0x0000018c7772e800 ConcurrentGCThread "G1 Main Marker" [stack: 0x000000613ca00000,0x000000613cb00000] [id=122204]
  0x0000018c756ab800 ConcurrentGCThread "G1 Conc#0" [stack: 0x000000613cb00000,0x000000613cc00000] [id=124052]
  0x0000018c2170e000 ConcurrentGCThread "G1 Conc#1" [stack: 0x000000613e300000,0x000000613e400000] [id=134208]
  0x0000018c1f31e800 ConcurrentGCThread "G1 Refine#0" [stack: 0x000000613cc00000,0x000000613cd00000] [id=133736]
  0x0000018c1f31f800 ConcurrentGCThread "G1 Young RemSet Sampling" [stack: 0x000000613cd00000,0x000000613ce00000] [id=133672]

Threads with active compile tasks:
C2 CompilerThread0  18521 6078       4       org.springframework.aop.aspectj.AspectJExpressionPointcut::matches (74 bytes)
C2 CompilerThread1  18521 6079   !   4       org.springframework.aop.aspectj.AspectJExpressionPointcut::getTargetShadowMatch (66 bytes)
C2 CompilerThread2  18521 6034   !   4       jdk.internal.loader.BuiltinClassLoader::loadClassOrNull (143 bytes)

VM state:not at safepoint (normal execution)

VM Mutex/Monitor currently owned by a thread:  ([mutex/lock_event])
[0x0000018c77691900] SystemDictionary_lock - owner thread: 0x0000000000000000

Heap address: 0x0000000690c00000, size: 5876 MB, Compressed Oops mode: Zero based, Oop shift amount: 3
Narrow klass base: 0x0000000800000000, Narrow klass shift: 0
Compressed class space size: 1073741824 Address: 0x0000000800000000

Heap:
 garbage-first heap   total 452608K, used 92301K [0x0000000690c00000, 0x0000000800000000)
  region size 1024K, 77 young (78848K), 23 survivors (23552K)
 Metaspace       used 62443K, capacity 64175K, committed 64292K, reserved 1105920K
  class space    used 7612K, capacity 8348K, committed 8368K, reserved 1048576K
Heap Regions: E=young(eden), S=young(survivor), O=old, HS=humongous(starts), HC=humongous(continues), CS=collection set, F=free, A=archive, TAMS=top-at-mark-start (previous, next)
|   0|0x0000000690c00000, 0x0000000690d00000, 0x0000000690d00000|100%|HS|  |TAMS 0x0000000690d00000, 0x0000000690c00000| Complete 
|   1|0x0000000690d00000, 0x0000000690e00000, 0x0000000690e00000|100%|HS|  |TAMS 0x0000000690e00000, 0x0000000690d00000| Complete 
|   2|0x0000000690e00000, 0x0000000690f00000, 0x0000000690f00000|100%| O|  |TAMS 0x0000000690f00000, 0x0000000690e00000| Untracked 
|   3|0x0000000690f00000, 0x0000000691000000, 0x0000000691000000|100%| O|  |TAMS 0x0000000691000000, 0x0000000690f00000| Untracked 
|   4|0x0000000691000000, 0x0000000691100000, 0x0000000691100000|100%| O|  |TAMS 0x0000000691100000, 0x0000000691000000| Untracked 
|   5|0x0000000691100000, 0x0000000691200000, 0x0000000691200000|100%| O|  |TAMS 0x0000000691200000, 0x0000000691100000| Untracked 
|   6|0x0000000691200000, 0x0000000691300000, 0x0000000691300000|100%| O|  |TAMS 0x0000000691300000, 0x0000000691200000| Untracked 
|   7|0x0000000691300000, 0x0000000691400000, 0x0000000691400000|100%| O|  |TAMS 0x0000000691400000, 0x0000000691300000| Untracked 
|   8|0x0000000691400000, 0x0000000691500000, 0x0000000691500000|100%| O|  |TAMS 0x0000000691500000, 0x0000000691400000| Untracked 
|   9|0x0000000691500000, 0x0000000691600000, 0x0000000691600000|100%| O|  |TAMS 0x0000000691600000, 0x0000000691500000| Untracked 
|  10|0x0000000691600000, 0x0000000691700000, 0x0000000691700000|100%| O|  |TAMS 0x0000000691700000, 0x0000000691600000| Untracked 
|  11|0x0000000691700000, 0x0000000691800000, 0x0000000691800000|100%| O|  |TAMS 0x0000000691800000, 0x0000000691700000| Untracked 
|  12|0x0000000691800000, 0x0000000691900000, 0x0000000691900000|100%| O|  |TAMS 0x0000000691900000, 0x0000000691800000| Untracked 
|  13|0x0000000691900000, 0x0000000691a00000, 0x0000000691a00000|100%| O|  |TAMS 0x0000000691a00000, 0x0000000691900000| Untracked 
|  14|0x0000000691a00000, 0x0000000691a23400, 0x0000000691b00000| 13%| O|  |TAMS 0x0000000691a23400, 0x0000000691a00000| Untracked 
|  15|0x0000000691b00000, 0x0000000691b00000, 0x0000000691c00000|  0%| F|  |TAMS 0x0000000691b00000, 0x0000000691b00000| Untracked 
|  16|0x0000000691c00000, 0x0000000691c00000, 0x0000000691d00000|  0%| F|  |TAMS 0x0000000691c00000, 0x0000000691c00000| Untracked 
|  17|0x0000000691d00000, 0x0000000691d00000, 0x0000000691e00000|  0%| F|  |TAMS 0x0000000691d00000, 0x0000000691d00000| Untracked 
|  18|0x0000000691e00000, 0x0000000691e00000, 0x0000000691f00000|  0%| F|  |TAMS 0x0000000691e00000, 0x0000000691e00000| Untracked 
|  19|0x0000000691f00000, 0x0000000691f00000, 0x0000000692000000|  0%| F|  |TAMS 0x0000000691f00000, 0x0000000691f00000| Untracked 
|  20|0x0000000692000000, 0x0000000692000000, 0x0000000692100000|  0%| F|  |TAMS 0x0000000692000000, 0x0000000692000000| Untracked 
|  21|0x0000000692100000, 0x0000000692100000, 0x0000000692200000|  0%| F|  |TAMS 0x0000000692100000, 0x0000000692100000| Untracked 
|  22|0x0000000692200000, 0x0000000692200000, 0x0000000692300000|  0%| F|  |TAMS 0x0000000692200000, 0x0000000692200000| Untracked 
|  23|0x0000000692300000, 0x0000000692300000, 0x0000000692400000|  0%| F|  |TAMS 0x0000000692300000, 0x0000000692300000| Untracked 
|  24|0x0000000692400000, 0x0000000692400000, 0x0000000692500000|  0%| F|  |TAMS 0x0000000692400000, 0x0000000692400000| Untracked 
|  25|0x0000000692500000, 0x0000000692500000, 0x0000000692600000|  0%| F|  |TAMS 0x0000000692500000, 0x0000000692500000| Untracked 
|  26|0x0000000692600000, 0x0000000692600000, 0x0000000692700000|  0%| F|  |TAMS 0x0000000692600000, 0x0000000692600000| Untracked 
|  27|0x0000000692700000, 0x0000000692700000, 0x0000000692800000|  0%| F|  |TAMS 0x0000000692700000, 0x0000000692700000| Untracked 
|  28|0x0000000692800000, 0x0000000692800000, 0x0000000692900000|  0%| F|  |TAMS 0x0000000692800000, 0x0000000692800000| Untracked 
|  29|0x0000000692900000, 0x0000000692900000, 0x0000000692a00000|  0%| F|  |TAMS 0x0000000692900000, 0x0000000692900000| Untracked 
|  30|0x0000000692a00000, 0x0000000692a00000, 0x0000000692b00000|  0%| F|  |TAMS 0x0000000692a00000, 0x0000000692a00000| Untracked 
|  31|0x0000000692b00000, 0x0000000692b00000, 0x0000000692c00000|  0%| F|  |TAMS 0x0000000692b00000, 0x0000000692b00000| Untracked 
|  32|0x0000000692c00000, 0x0000000692c00000, 0x0000000692d00000|  0%| F|  |TAMS 0x0000000692c00000, 0x0000000692c00000| Untracked 
|  33|0x0000000692d00000, 0x0000000692d00000, 0x0000000692e00000|  0%| F|  |TAMS 0x0000000692d00000, 0x0000000692d00000| Untracked 
|  34|0x0000000692e00000, 0x0000000692e00000, 0x0000000692f00000|  0%| F|  |TAMS 0x0000000692e00000, 0x0000000692e00000| Untracked 
|  35|0x0000000692f00000, 0x0000000692f00000, 0x0000000693000000|  0%| F|  |TAMS 0x0000000692f00000, 0x0000000692f00000| Untracked 
|  36|0x0000000693000000, 0x0000000693000000, 0x0000000693100000|  0%| F|  |TAMS 0x0000000693000000, 0x0000000693000000| Untracked 
|  37|0x0000000693100000, 0x0000000693100000, 0x0000000693200000|  0%| F|  |TAMS 0x0000000693100000, 0x0000000693100000| Untracked 
|  38|0x0000000693200000, 0x0000000693200000, 0x0000000693300000|  0%| F|  |TAMS 0x0000000693200000, 0x0000000693200000| Untracked 
|  39|0x0000000693300000, 0x0000000693300000, 0x0000000693400000|  0%| F|  |TAMS 0x0000000693300000, 0x0000000693300000| Untracked 
|  40|0x0000000693400000, 0x0000000693400000, 0x0000000693500000|  0%| F|  |TAMS 0x0000000693400000, 0x0000000693400000| Untracked 
|  41|0x0000000693500000, 0x0000000693500000, 0x0000000693600000|  0%| F|  |TAMS 0x0000000693500000, 0x0000000693500000| Untracked 
|  42|0x0000000693600000, 0x0000000693600000, 0x0000000693700000|  0%| F|  |TAMS 0x0000000693600000, 0x0000000693600000| Untracked 
|  43|0x0000000693700000, 0x0000000693700000, 0x0000000693800000|  0%| F|  |TAMS 0x0000000693700000, 0x0000000693700000| Untracked 
|  44|0x0000000693800000, 0x0000000693800000, 0x0000000693900000|  0%| F|  |TAMS 0x0000000693800000, 0x0000000693800000| Untracked 
|  45|0x0000000693900000, 0x0000000693900000, 0x0000000693a00000|  0%| F|  |TAMS 0x0000000693900000, 0x0000000693900000| Untracked 
|  46|0x0000000693a00000, 0x0000000693a00000, 0x0000000693b00000|  0%| F|  |TAMS 0x0000000693a00000, 0x0000000693a00000| Untracked 
|  47|0x0000000693b00000, 0x0000000693b00000, 0x0000000693c00000|  0%| F|  |TAMS 0x0000000693b00000, 0x0000000693b00000| Untracked 
|  48|0x0000000693c00000, 0x0000000693c00000, 0x0000000693d00000|  0%| F|  |TAMS 0x0000000693c00000, 0x0000000693c00000| Untracked 
|  49|0x0000000693d00000, 0x0000000693d00000, 0x0000000693e00000|  0%| F|  |TAMS 0x0000000693d00000, 0x0000000693d00000| Untracked 
|  50|0x0000000693e00000, 0x0000000693e00000, 0x0000000693f00000|  0%| F|  |TAMS 0x0000000693e00000, 0x0000000693e00000| Untracked 
|  51|0x0000000693f00000, 0x0000000693f00000, 0x0000000694000000|  0%| F|  |TAMS 0x0000000693f00000, 0x0000000693f00000| Untracked 
|  52|0x0000000694000000, 0x0000000694000000, 0x0000000694100000|  0%| F|  |TAMS 0x0000000694000000, 0x0000000694000000| Untracked 
|  53|0x0000000694100000, 0x0000000694100000, 0x0000000694200000|  0%| F|  |TAMS 0x0000000694100000, 0x0000000694100000| Untracked 
|  54|0x0000000694200000, 0x0000000694200000, 0x0000000694300000|  0%| F|  |TAMS 0x0000000694200000, 0x0000000694200000| Untracked 
|  55|0x0000000694300000, 0x0000000694300000, 0x0000000694400000|  0%| F|  |TAMS 0x0000000694300000, 0x0000000694300000| Untracked 
|  56|0x0000000694400000, 0x0000000694400000, 0x0000000694500000|  0%| F|  |TAMS 0x0000000694400000, 0x0000000694400000| Untracked 
|  57|0x0000000694500000, 0x0000000694500000, 0x0000000694600000|  0%| F|  |TAMS 0x0000000694500000, 0x0000000694500000| Untracked 
|  58|0x0000000694600000, 0x0000000694600000, 0x0000000694700000|  0%| F|  |TAMS 0x0000000694600000, 0x0000000694600000| Untracked 
|  59|0x0000000694700000, 0x0000000694700000, 0x0000000694800000|  0%| F|  |TAMS 0x0000000694700000, 0x0000000694700000| Untracked 
|  60|0x0000000694800000, 0x0000000694800000, 0x0000000694900000|  0%| F|  |TAMS 0x0000000694800000, 0x0000000694800000| Untracked 
|  61|0x0000000694900000, 0x0000000694900000, 0x0000000694a00000|  0%| F|  |TAMS 0x0000000694900000, 0x0000000694900000| Untracked 
|  62|0x0000000694a00000, 0x0000000694a00000, 0x0000000694b00000|  0%| F|  |TAMS 0x0000000694a00000, 0x0000000694a00000| Untracked 
|  63|0x0000000694b00000, 0x0000000694b00000, 0x0000000694c00000|  0%| F|  |TAMS 0x0000000694b00000, 0x0000000694b00000| Untracked 
|  64|0x0000000694c00000, 0x0000000694c00000, 0x0000000694d00000|  0%| F|  |TAMS 0x0000000694c00000, 0x0000000694c00000| Untracked 
|  65|0x0000000694d00000, 0x0000000694d00000, 0x0000000694e00000|  0%| F|  |TAMS 0x0000000694d00000, 0x0000000694d00000| Untracked 
|  66|0x0000000694e00000, 0x0000000694e00000, 0x0000000694f00000|  0%| F|  |TAMS 0x0000000694e00000, 0x0000000694e00000| Untracked 
|  67|0x0000000694f00000, 0x0000000694f00000, 0x0000000695000000|  0%| F|  |TAMS 0x0000000694f00000, 0x0000000694f00000| Untracked 
|  68|0x0000000695000000, 0x0000000695000000, 0x0000000695100000|  0%| F|  |TAMS 0x0000000695000000, 0x0000000695000000| Untracked 
|  69|0x0000000695100000, 0x0000000695100000, 0x0000000695200000|  0%| F|  |TAMS 0x0000000695100000, 0x0000000695100000| Untracked 
|  70|0x0000000695200000, 0x0000000695200000, 0x0000000695300000|  0%| F|  |TAMS 0x0000000695200000, 0x0000000695200000| Untracked 
|  71|0x0000000695300000, 0x0000000695300000, 0x0000000695400000|  0%| F|  |TAMS 0x0000000695300000, 0x0000000695300000| Untracked 
|  72|0x0000000695400000, 0x0000000695400000, 0x0000000695500000|  0%| F|  |TAMS 0x0000000695400000, 0x0000000695400000| Untracked 
|  73|0x0000000695500000, 0x0000000695500000, 0x0000000695600000|  0%| F|  |TAMS 0x0000000695500000, 0x0000000695500000| Untracked 
|  74|0x0000000695600000, 0x0000000695600000, 0x0000000695700000|  0%| F|  |TAMS 0x0000000695600000, 0x0000000695600000| Untracked 
|  75|0x0000000695700000, 0x0000000695700000, 0x0000000695800000|  0%| F|  |TAMS 0x0000000695700000, 0x0000000695700000| Untracked 
|  76|0x0000000695800000, 0x0000000695800000, 0x0000000695900000|  0%| F|  |TAMS 0x0000000695800000, 0x0000000695800000| Untracked 
|  77|0x0000000695900000, 0x0000000695900000, 0x0000000695a00000|  0%| F|  |TAMS 0x0000000695900000, 0x0000000695900000| Untracked 
|  78|0x0000000695a00000, 0x0000000695a00000, 0x0000000695b00000|  0%| F|  |TAMS 0x0000000695a00000, 0x0000000695a00000| Untracked 
|  79|0x0000000695b00000, 0x0000000695b00000, 0x0000000695c00000|  0%| F|  |TAMS 0x0000000695b00000, 0x0000000695b00000| Untracked 
|  80|0x0000000695c00000, 0x0000000695c00000, 0x0000000695d00000|  0%| F|  |TAMS 0x0000000695c00000, 0x0000000695c00000| Untracked 
|  81|0x0000000695d00000, 0x0000000695d00000, 0x0000000695e00000|  0%| F|  |TAMS 0x0000000695d00000, 0x0000000695d00000| Untracked 
|  82|0x0000000695e00000, 0x0000000695e00000, 0x0000000695f00000|  0%| F|  |TAMS 0x0000000695e00000, 0x0000000695e00000| Untracked 
|  83|0x0000000695f00000, 0x0000000695f00000, 0x0000000696000000|  0%| F|  |TAMS 0x0000000695f00000, 0x0000000695f00000| Untracked 
|  84|0x0000000696000000, 0x0000000696000000, 0x0000000696100000|  0%| F|  |TAMS 0x0000000696000000, 0x0000000696000000| Untracked 
|  85|0x0000000696100000, 0x0000000696100000, 0x0000000696200000|  0%| F|  |TAMS 0x0000000696100000, 0x0000000696100000| Untracked 
|  86|0x0000000696200000, 0x0000000696200000, 0x0000000696300000|  0%| F|  |TAMS 0x0000000696200000, 0x0000000696200000| Untracked 
|  87|0x0000000696300000, 0x0000000696300000, 0x0000000696400000|  0%| F|  |TAMS 0x0000000696300000, 0x0000000696300000| Untracked 
|  88|0x0000000696400000, 0x0000000696400000, 0x0000000696500000|  0%| F|  |TAMS 0x0000000696400000, 0x0000000696400000| Untracked 
|  89|0x0000000696500000, 0x0000000696500000, 0x0000000696600000|  0%| F|  |TAMS 0x0000000696500000, 0x0000000696500000| Untracked 
|  90|0x0000000696600000, 0x0000000696600000, 0x0000000696700000|  0%| F|  |TAMS 0x0000000696600000, 0x0000000696600000| Untracked 
|  91|0x0000000696700000, 0x0000000696700000, 0x0000000696800000|  0%| F|  |TAMS 0x0000000696700000, 0x0000000696700000| Untracked 
|  92|0x0000000696800000, 0x0000000696800000, 0x0000000696900000|  0%| F|  |TAMS 0x0000000696800000, 0x0000000696800000| Untracked 
|  93|0x0000000696900000, 0x0000000696900000, 0x0000000696a00000|  0%| F|  |TAMS 0x0000000696900000, 0x0000000696900000| Untracked 
|  94|0x0000000696a00000, 0x0000000696a00000, 0x0000000696b00000|  0%| F|  |TAMS 0x0000000696a00000, 0x0000000696a00000| Untracked 
|  95|0x0000000696b00000, 0x0000000696b00000, 0x0000000696c00000|  0%| F|  |TAMS 0x0000000696b00000, 0x0000000696b00000| Untracked 
|  96|0x0000000696c00000, 0x0000000696c00000, 0x0000000696d00000|  0%| F|  |TAMS 0x0000000696c00000, 0x0000000696c00000| Untracked 
|  97|0x0000000696d00000, 0x0000000696d00000, 0x0000000696e00000|  0%| F|  |TAMS 0x0000000696d00000, 0x0000000696d00000| Untracked 
|  98|0x0000000696e00000, 0x0000000696e00000, 0x0000000696f00000|  0%| F|  |TAMS 0x0000000696e00000, 0x0000000696e00000| Untracked 
|  99|0x0000000696f00000, 0x0000000696f00000, 0x0000000697000000|  0%| F|  |TAMS 0x0000000696f00000, 0x0000000696f00000| Untracked 
| 100|0x0000000697000000, 0x0000000697000000, 0x0000000697100000|  0%| F|  |TAMS 0x0000000697000000, 0x0000000697000000| Untracked 
| 101|0x0000000697100000, 0x0000000697100000, 0x0000000697200000|  0%| F|  |TAMS 0x0000000697100000, 0x0000000697100000| Untracked 
| 102|0x0000000697200000, 0x0000000697200000, 0x0000000697300000|  0%| F|  |TAMS 0x0000000697200000, 0x0000000697200000| Untracked 
| 103|0x0000000697300000, 0x0000000697300000, 0x0000000697400000|  0%| F|  |TAMS 0x0000000697300000, 0x0000000697300000| Untracked 
| 104|0x0000000697400000, 0x0000000697400000, 0x0000000697500000|  0%| F|  |TAMS 0x0000000697400000, 0x0000000697400000| Untracked 
| 105|0x0000000697500000, 0x0000000697500000, 0x0000000697600000|  0%| F|  |TAMS 0x0000000697500000, 0x0000000697500000| Untracked 
| 106|0x0000000697600000, 0x0000000697600000, 0x0000000697700000|  0%| F|  |TAMS 0x0000000697600000, 0x0000000697600000| Untracked 
| 107|0x0000000697700000, 0x0000000697700000, 0x0000000697800000|  0%| F|  |TAMS 0x0000000697700000, 0x0000000697700000| Untracked 
| 108|0x0000000697800000, 0x0000000697800000, 0x0000000697900000|  0%| F|  |TAMS 0x0000000697800000, 0x0000000697800000| Untracked 
| 109|0x0000000697900000, 0x0000000697900000, 0x0000000697a00000|  0%| F|  |TAMS 0x0000000697900000, 0x0000000697900000| Untracked 
| 110|0x0000000697a00000, 0x0000000697a00000, 0x0000000697b00000|  0%| F|  |TAMS 0x0000000697a00000, 0x0000000697a00000| Untracked 
| 111|0x0000000697b00000, 0x0000000697b00000, 0x0000000697c00000|  0%| F|  |TAMS 0x0000000697b00000, 0x0000000697b00000| Untracked 
| 112|0x0000000697c00000, 0x0000000697c00000, 0x0000000697d00000|  0%| F|  |TAMS 0x0000000697c00000, 0x0000000697c00000| Untracked 
| 113|0x0000000697d00000, 0x0000000697d00000, 0x0000000697e00000|  0%| F|  |TAMS 0x0000000697d00000, 0x0000000697d00000| Untracked 
| 114|0x0000000697e00000, 0x0000000697e00000, 0x0000000697f00000|  0%| F|  |TAMS 0x0000000697e00000, 0x0000000697e00000| Untracked 
| 115|0x0000000697f00000, 0x0000000697f00000, 0x0000000698000000|  0%| F|  |TAMS 0x0000000697f00000, 0x0000000697f00000| Untracked 
| 116|0x0000000698000000, 0x0000000698000000, 0x0000000698100000|  0%| F|  |TAMS 0x0000000698000000, 0x0000000698000000| Untracked 
| 117|0x0000000698100000, 0x0000000698100000, 0x0000000698200000|  0%| F|  |TAMS 0x0000000698100000, 0x0000000698100000| Untracked 
| 118|0x0000000698200000, 0x0000000698200000, 0x0000000698300000|  0%| F|  |TAMS 0x0000000698200000, 0x0000000698200000| Untracked 
| 119|0x0000000698300000, 0x0000000698300000, 0x0000000698400000|  0%| F|  |TAMS 0x0000000698300000, 0x0000000698300000| Untracked 
| 120|0x0000000698400000, 0x0000000698400000, 0x0000000698500000|  0%| F|  |TAMS 0x0000000698400000, 0x0000000698400000| Untracked 
| 121|0x0000000698500000, 0x0000000698500000, 0x0000000698600000|  0%| F|  |TAMS 0x0000000698500000, 0x0000000698500000| Untracked 
| 122|0x0000000698600000, 0x0000000698600000, 0x0000000698700000|  0%| F|  |TAMS 0x0000000698600000, 0x0000000698600000| Untracked 
| 123|0x0000000698700000, 0x0000000698700000, 0x0000000698800000|  0%| F|  |TAMS 0x0000000698700000, 0x0000000698700000| Untracked 
| 124|0x0000000698800000, 0x0000000698800000, 0x0000000698900000|  0%| F|  |TAMS 0x0000000698800000, 0x0000000698800000| Untracked 
| 125|0x0000000698900000, 0x0000000698900000, 0x0000000698a00000|  0%| F|  |TAMS 0x0000000698900000, 0x0000000698900000| Untracked 
| 126|0x0000000698a00000, 0x0000000698a00000, 0x0000000698b00000|  0%| F|  |TAMS 0x0000000698a00000, 0x0000000698a00000| Untracked 
| 127|0x0000000698b00000, 0x0000000698b00000, 0x0000000698c00000|  0%| F|  |TAMS 0x0000000698b00000, 0x0000000698b00000| Untracked 
| 128|0x0000000698c00000, 0x0000000698c00000, 0x0000000698d00000|  0%| F|  |TAMS 0x0000000698c00000, 0x0000000698c00000| Untracked 
| 129|0x0000000698d00000, 0x0000000698d00000, 0x0000000698e00000|  0%| F|  |TAMS 0x0000000698d00000, 0x0000000698d00000| Untracked 
| 130|0x0000000698e00000, 0x0000000698e00000, 0x0000000698f00000|  0%| F|  |TAMS 0x0000000698e00000, 0x0000000698e00000| Untracked 
| 131|0x0000000698f00000, 0x0000000698f00000, 0x0000000699000000|  0%| F|  |TAMS 0x0000000698f00000, 0x0000000698f00000| Untracked 
| 132|0x0000000699000000, 0x0000000699000000, 0x0000000699100000|  0%| F|  |TAMS 0x0000000699000000, 0x0000000699000000| Untracked 
| 133|0x0000000699100000, 0x0000000699100000, 0x0000000699200000|  0%| F|  |TAMS 0x0000000699100000, 0x0000000699100000| Untracked 
| 134|0x0000000699200000, 0x0000000699200000, 0x0000000699300000|  0%| F|  |TAMS 0x0000000699200000, 0x0000000699200000| Untracked 
| 135|0x0000000699300000, 0x0000000699300000, 0x0000000699400000|  0%| F|  |TAMS 0x0000000699300000, 0x0000000699300000| Untracked 
| 136|0x0000000699400000, 0x0000000699400000, 0x0000000699500000|  0%| F|  |TAMS 0x0000000699400000, 0x0000000699400000| Untracked 
| 137|0x0000000699500000, 0x0000000699500000, 0x0000000699600000|  0%| F|  |TAMS 0x0000000699500000, 0x0000000699500000| Untracked 
| 138|0x0000000699600000, 0x0000000699600000, 0x0000000699700000|  0%| F|  |TAMS 0x0000000699600000, 0x0000000699600000| Untracked 
| 139|0x0000000699700000, 0x0000000699700000, 0x0000000699800000|  0%| F|  |TAMS 0x0000000699700000, 0x0000000699700000| Untracked 
| 140|0x0000000699800000, 0x0000000699800000, 0x0000000699900000|  0%| F|  |TAMS 0x0000000699800000, 0x0000000699800000| Untracked 
| 141|0x0000000699900000, 0x0000000699900000, 0x0000000699a00000|  0%| F|  |TAMS 0x0000000699900000, 0x0000000699900000| Untracked 
| 142|0x0000000699a00000, 0x0000000699a00000, 0x0000000699b00000|  0%| F|  |TAMS 0x0000000699a00000, 0x0000000699a00000| Untracked 
| 143|0x0000000699b00000, 0x0000000699b00000, 0x0000000699c00000|  0%| F|  |TAMS 0x0000000699b00000, 0x0000000699b00000| Untracked 
| 144|0x0000000699c00000, 0x0000000699c00000, 0x0000000699d00000|  0%| F|  |TAMS 0x0000000699c00000, 0x0000000699c00000| Untracked 
| 145|0x0000000699d00000, 0x0000000699d00000, 0x0000000699e00000|  0%| F|  |TAMS 0x0000000699d00000, 0x0000000699d00000| Untracked 
| 146|0x0000000699e00000, 0x0000000699e00000, 0x0000000699f00000|  0%| F|  |TAMS 0x0000000699e00000, 0x0000000699e00000| Untracked 
| 147|0x0000000699f00000, 0x0000000699f00000, 0x000000069a000000|  0%| F|  |TAMS 0x0000000699f00000, 0x0000000699f00000| Untracked 
| 148|0x000000069a000000, 0x000000069a000000, 0x000000069a100000|  0%| F|  |TAMS 0x000000069a000000, 0x000000069a000000| Untracked 
| 149|0x000000069a100000, 0x000000069a100000, 0x000000069a200000|  0%| F|  |TAMS 0x000000069a100000, 0x000000069a100000| Untracked 
| 150|0x000000069a200000, 0x000000069a200000, 0x000000069a300000|  0%| F|  |TAMS 0x000000069a200000, 0x000000069a200000| Untracked 
| 151|0x000000069a300000, 0x000000069a300000, 0x000000069a400000|  0%| F|  |TAMS 0x000000069a300000, 0x000000069a300000| Untracked 
| 152|0x000000069a400000, 0x000000069a400000, 0x000000069a500000|  0%| F|  |TAMS 0x000000069a400000, 0x000000069a400000| Untracked 
| 153|0x000000069a500000, 0x000000069a600000, 0x000000069a600000|100%| S|CS|TAMS 0x000000069a500000, 0x000000069a500000| Complete 
| 154|0x000000069a600000, 0x000000069a700000, 0x000000069a700000|100%| S|CS|TAMS 0x000000069a600000, 0x000000069a600000| Complete 
| 155|0x000000069a700000, 0x000000069a800000, 0x000000069a800000|100%| S|CS|TAMS 0x000000069a700000, 0x000000069a700000| Complete 
| 156|0x000000069a800000, 0x000000069a900000, 0x000000069a900000|100%| S|CS|TAMS 0x000000069a800000, 0x000000069a800000| Complete 
| 157|0x000000069a900000, 0x000000069aa00000, 0x000000069aa00000|100%| S|CS|TAMS 0x000000069a900000, 0x000000069a900000| Complete 
| 158|0x000000069aa00000, 0x000000069ab00000, 0x000000069ab00000|100%| S|CS|TAMS 0x000000069aa00000, 0x000000069aa00000| Complete 
| 159|0x000000069ab00000, 0x000000069ac00000, 0x000000069ac00000|100%| S|CS|TAMS 0x000000069ab00000, 0x000000069ab00000| Complete 
| 160|0x000000069ac00000, 0x000000069ad00000, 0x000000069ad00000|100%| S|CS|TAMS 0x000000069ac00000, 0x000000069ac00000| Complete 
| 161|0x000000069ad00000, 0x000000069ae00000, 0x000000069ae00000|100%| S|CS|TAMS 0x000000069ad00000, 0x000000069ad00000| Complete 
| 162|0x000000069ae00000, 0x000000069af00000, 0x000000069af00000|100%| S|CS|TAMS 0x000000069ae00000, 0x000000069ae00000| Complete 
| 163|0x000000069af00000, 0x000000069b000000, 0x000000069b000000|100%| S|CS|TAMS 0x000000069af00000, 0x000000069af00000| Complete 
| 164|0x000000069b000000, 0x000000069b100000, 0x000000069b100000|100%| S|CS|TAMS 0x000000069b000000, 0x000000069b000000| Complete 
| 165|0x000000069b100000, 0x000000069b200000, 0x000000069b200000|100%| S|CS|TAMS 0x000000069b100000, 0x000000069b100000| Complete 
| 166|0x000000069b200000, 0x000000069b300000, 0x000000069b300000|100%| S|CS|TAMS 0x000000069b200000, 0x000000069b200000| Complete 
| 167|0x000000069b300000, 0x000000069b400000, 0x000000069b400000|100%| S|CS|TAMS 0x000000069b300000, 0x000000069b300000| Complete 
| 168|0x000000069b400000, 0x000000069b500000, 0x000000069b500000|100%| S|CS|TAMS 0x000000069b400000, 0x000000069b400000| Complete 
| 169|0x000000069b500000, 0x000000069b600000, 0x000000069b600000|100%| S|CS|TAMS 0x000000069b500000, 0x000000069b500000| Complete 
| 170|0x000000069b600000, 0x000000069b700000, 0x000000069b700000|100%| S|CS|TAMS 0x000000069b600000, 0x000000069b600000| Complete 
| 171|0x000000069b700000, 0x000000069b800000, 0x000000069b800000|100%| S|CS|TAMS 0x000000069b700000, 0x000000069b700000| Complete 
| 172|0x000000069b800000, 0x000000069b900000, 0x000000069b900000|100%| S|CS|TAMS 0x000000069b800000, 0x000000069b800000| Complete 
| 173|0x000000069b900000, 0x000000069ba00000, 0x000000069ba00000|100%| S|CS|TAMS 0x000000069b900000, 0x000000069b900000| Complete 
| 174|0x000000069ba00000, 0x000000069bb00000, 0x000000069bb00000|100%| S|CS|TAMS 0x000000069ba00000, 0x000000069ba00000| Complete 
| 175|0x000000069bb00000, 0x000000069bc00000, 0x000000069bc00000|100%| S|CS|TAMS 0x000000069bb00000, 0x000000069bb00000| Complete 
| 176|0x000000069bc00000, 0x000000069bc00000, 0x000000069bd00000|  0%| F|  |TAMS 0x000000069bc00000, 0x000000069bc00000| Untracked 
| 177|0x000000069bd00000, 0x000000069bd00000, 0x000000069be00000|  0%| F|  |TAMS 0x000000069bd00000, 0x000000069bd00000| Untracked 
| 178|0x000000069be00000, 0x000000069be00000, 0x000000069bf00000|  0%| F|  |TAMS 0x000000069be00000, 0x000000069be00000| Untracked 
| 179|0x000000069bf00000, 0x000000069bf00000, 0x000000069c000000|  0%| F|  |TAMS 0x000000069bf00000, 0x000000069bf00000| Untracked 
| 180|0x000000069c000000, 0x000000069c000000, 0x000000069c100000|  0%| F|  |TAMS 0x000000069c000000, 0x000000069c000000| Untracked 
| 181|0x000000069c100000, 0x000000069c100000, 0x000000069c200000|  0%| F|  |TAMS 0x000000069c100000, 0x000000069c100000| Untracked 
| 182|0x000000069c200000, 0x000000069c200000, 0x000000069c300000|  0%| F|  |TAMS 0x000000069c200000, 0x000000069c200000| Untracked 
| 183|0x000000069c300000, 0x000000069c300000, 0x000000069c400000|  0%| F|  |TAMS 0x000000069c300000, 0x000000069c300000| Untracked 
| 184|0x000000069c400000, 0x000000069c400000, 0x000000069c500000|  0%| F|  |TAMS 0x000000069c400000, 0x000000069c400000| Untracked 
| 185|0x000000069c500000, 0x000000069c500000, 0x000000069c600000|  0%| F|  |TAMS 0x000000069c500000, 0x000000069c500000| Untracked 
| 186|0x000000069c600000, 0x000000069c600000, 0x000000069c700000|  0%| F|  |TAMS 0x000000069c600000, 0x000000069c600000| Untracked 
| 187|0x000000069c700000, 0x000000069c700000, 0x000000069c800000|  0%| F|  |TAMS 0x000000069c700000, 0x000000069c700000| Untracked 
| 188|0x000000069c800000, 0x000000069c800000, 0x000000069c900000|  0%| F|  |TAMS 0x000000069c800000, 0x000000069c800000| Untracked 
| 189|0x000000069c900000, 0x000000069c900000, 0x000000069ca00000|  0%| F|  |TAMS 0x000000069c900000, 0x000000069c900000| Untracked 
| 190|0x000000069ca00000, 0x000000069ca00000, 0x000000069cb00000|  0%| F|  |TAMS 0x000000069ca00000, 0x000000069ca00000| Untracked 
| 191|0x000000069cb00000, 0x000000069cb00000, 0x000000069cc00000|  0%| F|  |TAMS 0x000000069cb00000, 0x000000069cb00000| Untracked 
| 192|0x000000069cc00000, 0x000000069cc00000, 0x000000069cd00000|  0%| F|  |TAMS 0x000000069cc00000, 0x000000069cc00000| Untracked 
| 193|0x000000069cd00000, 0x000000069cd00000, 0x000000069ce00000|  0%| F|  |TAMS 0x000000069cd00000, 0x000000069cd00000| Untracked 
| 194|0x000000069ce00000, 0x000000069ce00000, 0x000000069cf00000|  0%| F|  |TAMS 0x000000069ce00000, 0x000000069ce00000| Untracked 
| 195|0x000000069cf00000, 0x000000069cf00000, 0x000000069d000000|  0%| F|  |TAMS 0x000000069cf00000, 0x000000069cf00000| Untracked 
| 196|0x000000069d000000, 0x000000069d000000, 0x000000069d100000|  0%| F|  |TAMS 0x000000069d000000, 0x000000069d000000| Untracked 
| 197|0x000000069d100000, 0x000000069d100000, 0x000000069d200000|  0%| F|  |TAMS 0x000000069d100000, 0x000000069d100000| Untracked 
| 198|0x000000069d200000, 0x000000069d200000, 0x000000069d300000|  0%| F|  |TAMS 0x000000069d200000, 0x000000069d200000| Untracked 
| 199|0x000000069d300000, 0x000000069d300000, 0x000000069d400000|  0%| F|  |TAMS 0x000000069d300000, 0x000000069d300000| Untracked 
| 200|0x000000069d400000, 0x000000069d400000, 0x000000069d500000|  0%| F|  |TAMS 0x000000069d400000, 0x000000069d400000| Untracked 
| 201|0x000000069d500000, 0x000000069d500000, 0x000000069d600000|  0%| F|  |TAMS 0x000000069d500000, 0x000000069d500000| Untracked 
| 202|0x000000069d600000, 0x000000069d600000, 0x000000069d700000|  0%| F|  |TAMS 0x000000069d600000, 0x000000069d600000| Untracked 
| 203|0x000000069d700000, 0x000000069d700000, 0x000000069d800000|  0%| F|  |TAMS 0x000000069d700000, 0x000000069d700000| Untracked 
| 204|0x000000069d800000, 0x000000069d800000, 0x000000069d900000|  0%| F|  |TAMS 0x000000069d800000, 0x000000069d800000| Untracked 
| 205|0x000000069d900000, 0x000000069d900000, 0x000000069da00000|  0%| F|  |TAMS 0x000000069d900000, 0x000000069d900000| Untracked 
| 206|0x000000069da00000, 0x000000069da00000, 0x000000069db00000|  0%| F|  |TAMS 0x000000069da00000, 0x000000069da00000| Untracked 
| 207|0x000000069db00000, 0x000000069db00000, 0x000000069dc00000|  0%| F|  |TAMS 0x000000069db00000, 0x000000069db00000| Untracked 
| 208|0x000000069dc00000, 0x000000069dc00000, 0x000000069dd00000|  0%| F|  |TAMS 0x000000069dc00000, 0x000000069dc00000| Untracked 
| 209|0x000000069dd00000, 0x000000069dd00000, 0x000000069de00000|  0%| F|  |TAMS 0x000000069dd00000, 0x000000069dd00000| Untracked 
| 210|0x000000069de00000, 0x000000069de00000, 0x000000069df00000|  0%| F|  |TAMS 0x000000069de00000, 0x000000069de00000| Untracked 
| 211|0x000000069df00000, 0x000000069df00000, 0x000000069e000000|  0%| F|  |TAMS 0x000000069df00000, 0x000000069df00000| Untracked 
| 212|0x000000069e000000, 0x000000069e000000, 0x000000069e100000|  0%| F|  |TAMS 0x000000069e000000, 0x000000069e000000| Untracked 
| 213|0x000000069e100000, 0x000000069e100000, 0x000000069e200000|  0%| F|  |TAMS 0x000000069e100000, 0x000000069e100000| Untracked 
| 214|0x000000069e200000, 0x000000069e200000, 0x000000069e300000|  0%| F|  |TAMS 0x000000069e200000, 0x000000069e200000| Untracked 
| 215|0x000000069e300000, 0x000000069e300000, 0x000000069e400000|  0%| F|  |TAMS 0x000000069e300000, 0x000000069e300000| Untracked 
| 216|0x000000069e400000, 0x000000069e400000, 0x000000069e500000|  0%| F|  |TAMS 0x000000069e400000, 0x000000069e400000| Untracked 
| 217|0x000000069e500000, 0x000000069e500000, 0x000000069e600000|  0%| F|  |TAMS 0x000000069e500000, 0x000000069e500000| Untracked 
| 218|0x000000069e600000, 0x000000069e600000, 0x000000069e700000|  0%| F|  |TAMS 0x000000069e600000, 0x000000069e600000| Untracked 
| 219|0x000000069e700000, 0x000000069e700000, 0x000000069e800000|  0%| F|  |TAMS 0x000000069e700000, 0x000000069e700000| Untracked 
| 220|0x000000069e800000, 0x000000069e800000, 0x000000069e900000|  0%| F|  |TAMS 0x000000069e800000, 0x000000069e800000| Untracked 
| 221|0x000000069e900000, 0x000000069e900000, 0x000000069ea00000|  0%| F|  |TAMS 0x000000069e900000, 0x000000069e900000| Untracked 
| 222|0x000000069ea00000, 0x000000069ea00000, 0x000000069eb00000|  0%| F|  |TAMS 0x000000069ea00000, 0x000000069ea00000| Untracked 
| 223|0x000000069eb00000, 0x000000069eb00000, 0x000000069ec00000|  0%| F|  |TAMS 0x000000069eb00000, 0x000000069eb00000| Untracked 
| 224|0x000000069ec00000, 0x000000069ec00000, 0x000000069ed00000|  0%| F|  |TAMS 0x000000069ec00000, 0x000000069ec00000| Untracked 
| 225|0x000000069ed00000, 0x000000069ed00000, 0x000000069ee00000|  0%| F|  |TAMS 0x000000069ed00000, 0x000000069ed00000| Untracked 
| 226|0x000000069ee00000, 0x000000069ee00000, 0x000000069ef00000|  0%| F|  |TAMS 0x000000069ee00000, 0x000000069ee00000| Untracked 
| 227|0x000000069ef00000, 0x000000069ef00000, 0x000000069f000000|  0%| F|  |TAMS 0x000000069ef00000, 0x000000069ef00000| Untracked 
| 228|0x000000069f000000, 0x000000069f000000, 0x000000069f100000|  0%| F|  |TAMS 0x000000069f000000, 0x000000069f000000| Untracked 
| 229|0x000000069f100000, 0x000000069f100000, 0x000000069f200000|  0%| F|  |TAMS 0x000000069f100000, 0x000000069f100000| Untracked 
| 230|0x000000069f200000, 0x000000069f200000, 0x000000069f300000|  0%| F|  |TAMS 0x000000069f200000, 0x000000069f200000| Untracked 
| 231|0x000000069f300000, 0x000000069f300000, 0x000000069f400000|  0%| F|  |TAMS 0x000000069f300000, 0x000000069f300000| Untracked 
| 232|0x000000069f400000, 0x000000069f400000, 0x000000069f500000|  0%| F|  |TAMS 0x000000069f400000, 0x000000069f400000| Untracked 
| 233|0x000000069f500000, 0x000000069f500000, 0x000000069f600000|  0%| F|  |TAMS 0x000000069f500000, 0x000000069f500000| Untracked 
| 234|0x000000069f600000, 0x000000069f600000, 0x000000069f700000|  0%| F|  |TAMS 0x000000069f600000, 0x000000069f600000| Untracked 
| 235|0x000000069f700000, 0x000000069f700000, 0x000000069f800000|  0%| F|  |TAMS 0x000000069f700000, 0x000000069f700000| Untracked 
| 236|0x000000069f800000, 0x000000069f800000, 0x000000069f900000|  0%| F|  |TAMS 0x000000069f800000, 0x000000069f800000| Untracked 
| 237|0x000000069f900000, 0x000000069f900000, 0x000000069fa00000|  0%| F|  |TAMS 0x000000069f900000, 0x000000069f900000| Untracked 
| 238|0x000000069fa00000, 0x000000069fa00000, 0x000000069fb00000|  0%| F|  |TAMS 0x000000069fa00000, 0x000000069fa00000| Untracked 
| 239|0x000000069fb00000, 0x000000069fb00000, 0x000000069fc00000|  0%| F|  |TAMS 0x000000069fb00000, 0x000000069fb00000| Untracked 
| 240|0x000000069fc00000, 0x000000069fc00000, 0x000000069fd00000|  0%| F|  |TAMS 0x000000069fc00000, 0x000000069fc00000| Untracked 
| 241|0x000000069fd00000, 0x000000069fd00000, 0x000000069fe00000|  0%| F|  |TAMS 0x000000069fd00000, 0x000000069fd00000| Untracked 
| 242|0x000000069fe00000, 0x000000069fe00000, 0x000000069ff00000|  0%| F|  |TAMS 0x000000069fe00000, 0x000000069fe00000| Untracked 
| 243|0x000000069ff00000, 0x000000069ff00000, 0x00000006a0000000|  0%| F|  |TAMS 0x000000069ff00000, 0x000000069ff00000| Untracked 
| 244|0x00000006a0000000, 0x00000006a0000000, 0x00000006a0100000|  0%| F|  |TAMS 0x00000006a0000000, 0x00000006a0000000| Untracked 
| 245|0x00000006a0100000, 0x00000006a0100000, 0x00000006a0200000|  0%| F|  |TAMS 0x00000006a0100000, 0x00000006a0100000| Untracked 
| 246|0x00000006a0200000, 0x00000006a0200000, 0x00000006a0300000|  0%| F|  |TAMS 0x00000006a0200000, 0x00000006a0200000| Untracked 
| 247|0x00000006a0300000, 0x00000006a0300000, 0x00000006a0400000|  0%| F|  |TAMS 0x00000006a0300000, 0x00000006a0300000| Untracked 
| 248|0x00000006a0400000, 0x00000006a0400000, 0x00000006a0500000|  0%| F|  |TAMS 0x00000006a0400000, 0x00000006a0400000| Untracked 
| 249|0x00000006a0500000, 0x00000006a0500000, 0x00000006a0600000|  0%| F|  |TAMS 0x00000006a0500000, 0x00000006a0500000| Untracked 
| 250|0x00000006a0600000, 0x00000006a0600000, 0x00000006a0700000|  0%| F|  |TAMS 0x00000006a0600000, 0x00000006a0600000| Untracked 
| 251|0x00000006a0700000, 0x00000006a0700000, 0x00000006a0800000|  0%| F|  |TAMS 0x00000006a0700000, 0x00000006a0700000| Untracked 
| 252|0x00000006a0800000, 0x00000006a0800000, 0x00000006a0900000|  0%| F|  |TAMS 0x00000006a0800000, 0x00000006a0800000| Untracked 
| 253|0x00000006a0900000, 0x00000006a0900000, 0x00000006a0a00000|  0%| F|  |TAMS 0x00000006a0900000, 0x00000006a0900000| Untracked 
| 254|0x00000006a0a00000, 0x00000006a0a00000, 0x00000006a0b00000|  0%| F|  |TAMS 0x00000006a0a00000, 0x00000006a0a00000| Untracked 
| 255|0x00000006a0b00000, 0x00000006a0b00000, 0x00000006a0c00000|  0%| F|  |TAMS 0x00000006a0b00000, 0x00000006a0b00000| Untracked 
| 256|0x00000006a0c00000, 0x00000006a0c00000, 0x00000006a0d00000|  0%| F|  |TAMS 0x00000006a0c00000, 0x00000006a0c00000| Untracked 
| 257|0x00000006a0d00000, 0x00000006a0d00000, 0x00000006a0e00000|  0%| F|  |TAMS 0x00000006a0d00000, 0x00000006a0d00000| Untracked 
| 258|0x00000006a0e00000, 0x00000006a0e00000, 0x00000006a0f00000|  0%| F|  |TAMS 0x00000006a0e00000, 0x00000006a0e00000| Untracked 
| 259|0x00000006a0f00000, 0x00000006a0f00000, 0x00000006a1000000|  0%| F|  |TAMS 0x00000006a0f00000, 0x00000006a0f00000| Untracked 
| 260|0x00000006a1000000, 0x00000006a1000000, 0x00000006a1100000|  0%| F|  |TAMS 0x00000006a1000000, 0x00000006a1000000| Untracked 
| 261|0x00000006a1100000, 0x00000006a1100000, 0x00000006a1200000|  0%| F|  |TAMS 0x00000006a1100000, 0x00000006a1100000| Untracked 
| 262|0x00000006a1200000, 0x00000006a1200000, 0x00000006a1300000|  0%| F|  |TAMS 0x00000006a1200000, 0x00000006a1200000| Untracked 
| 263|0x00000006a1300000, 0x00000006a1300000, 0x00000006a1400000|  0%| F|  |TAMS 0x00000006a1300000, 0x00000006a1300000| Untracked 
| 264|0x00000006a1400000, 0x00000006a1400000, 0x00000006a1500000|  0%| F|  |TAMS 0x00000006a1400000, 0x00000006a1400000| Untracked 
| 265|0x00000006a1500000, 0x00000006a1500000, 0x00000006a1600000|  0%| F|  |TAMS 0x00000006a1500000, 0x00000006a1500000| Untracked 
| 266|0x00000006a1600000, 0x00000006a1600000, 0x00000006a1700000|  0%| F|  |TAMS 0x00000006a1600000, 0x00000006a1600000| Untracked 
| 267|0x00000006a1700000, 0x00000006a1700000, 0x00000006a1800000|  0%| F|  |TAMS 0x00000006a1700000, 0x00000006a1700000| Untracked 
| 268|0x00000006a1800000, 0x00000006a1800000, 0x00000006a1900000|  0%| F|  |TAMS 0x00000006a1800000, 0x00000006a1800000| Untracked 
| 269|0x00000006a1900000, 0x00000006a1900000, 0x00000006a1a00000|  0%| F|  |TAMS 0x00000006a1900000, 0x00000006a1900000| Untracked 
| 270|0x00000006a1a00000, 0x00000006a1a00000, 0x00000006a1b00000|  0%| F|  |TAMS 0x00000006a1a00000, 0x00000006a1a00000| Untracked 
| 271|0x00000006a1b00000, 0x00000006a1b00000, 0x00000006a1c00000|  0%| F|  |TAMS 0x00000006a1b00000, 0x00000006a1b00000| Untracked 
| 272|0x00000006a1c00000, 0x00000006a1c00000, 0x00000006a1d00000|  0%| F|  |TAMS 0x00000006a1c00000, 0x00000006a1c00000| Untracked 
| 273|0x00000006a1d00000, 0x00000006a1d00000, 0x00000006a1e00000|  0%| F|  |TAMS 0x00000006a1d00000, 0x00000006a1d00000| Untracked 
| 274|0x00000006a1e00000, 0x00000006a1e00000, 0x00000006a1f00000|  0%| F|  |TAMS 0x00000006a1e00000, 0x00000006a1e00000| Untracked 
| 275|0x00000006a1f00000, 0x00000006a1f00000, 0x00000006a2000000|  0%| F|  |TAMS 0x00000006a1f00000, 0x00000006a1f00000| Untracked 
| 276|0x00000006a2000000, 0x00000006a2000000, 0x00000006a2100000|  0%| F|  |TAMS 0x00000006a2000000, 0x00000006a2000000| Untracked 
| 277|0x00000006a2100000, 0x00000006a2100000, 0x00000006a2200000|  0%| F|  |TAMS 0x00000006a2100000, 0x00000006a2100000| Untracked 
| 278|0x00000006a2200000, 0x00000006a2200000, 0x00000006a2300000|  0%| F|  |TAMS 0x00000006a2200000, 0x00000006a2200000| Untracked 
| 279|0x00000006a2300000, 0x00000006a2300000, 0x00000006a2400000|  0%| F|  |TAMS 0x00000006a2300000, 0x00000006a2300000| Untracked 
| 280|0x00000006a2400000, 0x00000006a2400000, 0x00000006a2500000|  0%| F|  |TAMS 0x00000006a2400000, 0x00000006a2400000| Untracked 
| 281|0x00000006a2500000, 0x00000006a2500000, 0x00000006a2600000|  0%| F|  |TAMS 0x00000006a2500000, 0x00000006a2500000| Untracked 
| 282|0x00000006a2600000, 0x00000006a2600000, 0x00000006a2700000|  0%| F|  |TAMS 0x00000006a2600000, 0x00000006a2600000| Untracked 
| 283|0x00000006a2700000, 0x00000006a2700000, 0x00000006a2800000|  0%| F|  |TAMS 0x00000006a2700000, 0x00000006a2700000| Untracked 
| 284|0x00000006a2800000, 0x00000006a2800000, 0x00000006a2900000|  0%| F|  |TAMS 0x00000006a2800000, 0x00000006a2800000| Untracked 
| 285|0x00000006a2900000, 0x00000006a2900000, 0x00000006a2a00000|  0%| F|  |TAMS 0x00000006a2900000, 0x00000006a2900000| Untracked 
| 286|0x00000006a2a00000, 0x00000006a2a00000, 0x00000006a2b00000|  0%| F|  |TAMS 0x00000006a2a00000, 0x00000006a2a00000| Untracked 
| 287|0x00000006a2b00000, 0x00000006a2b00000, 0x00000006a2c00000|  0%| F|  |TAMS 0x00000006a2b00000, 0x00000006a2b00000| Untracked 
| 288|0x00000006a2c00000, 0x00000006a2c00000, 0x00000006a2d00000|  0%| F|  |TAMS 0x00000006a2c00000, 0x00000006a2c00000| Untracked 
| 289|0x00000006a2d00000, 0x00000006a2d00000, 0x00000006a2e00000|  0%| F|  |TAMS 0x00000006a2d00000, 0x00000006a2d00000| Untracked 
| 290|0x00000006a2e00000, 0x00000006a2e00000, 0x00000006a2f00000|  0%| F|  |TAMS 0x00000006a2e00000, 0x00000006a2e00000| Untracked 
| 291|0x00000006a2f00000, 0x00000006a2f00000, 0x00000006a3000000|  0%| F|  |TAMS 0x00000006a2f00000, 0x00000006a2f00000| Untracked 
| 292|0x00000006a3000000, 0x00000006a3000000, 0x00000006a3100000|  0%| F|  |TAMS 0x00000006a3000000, 0x00000006a3000000| Untracked 
| 293|0x00000006a3100000, 0x00000006a3100000, 0x00000006a3200000|  0%| F|  |TAMS 0x00000006a3100000, 0x00000006a3100000| Untracked 
| 294|0x00000006a3200000, 0x00000006a3200000, 0x00000006a3300000|  0%| F|  |TAMS 0x00000006a3200000, 0x00000006a3200000| Untracked 
| 295|0x00000006a3300000, 0x00000006a3300000, 0x00000006a3400000|  0%| F|  |TAMS 0x00000006a3300000, 0x00000006a3300000| Untracked 
| 296|0x00000006a3400000, 0x00000006a3400000, 0x00000006a3500000|  0%| F|  |TAMS 0x00000006a3400000, 0x00000006a3400000| Untracked 
| 297|0x00000006a3500000, 0x00000006a3500000, 0x00000006a3600000|  0%| F|  |TAMS 0x00000006a3500000, 0x00000006a3500000| Untracked 
| 298|0x00000006a3600000, 0x00000006a3600000, 0x00000006a3700000|  0%| F|  |TAMS 0x00000006a3600000, 0x00000006a3600000| Untracked 
| 299|0x00000006a3700000, 0x00000006a3700000, 0x00000006a3800000|  0%| F|  |TAMS 0x00000006a3700000, 0x00000006a3700000| Untracked 
| 300|0x00000006a3800000, 0x00000006a3800000, 0x00000006a3900000|  0%| F|  |TAMS 0x00000006a3800000, 0x00000006a3800000| Untracked 
| 301|0x00000006a3900000, 0x00000006a3900000, 0x00000006a3a00000|  0%| F|  |TAMS 0x00000006a3900000, 0x00000006a3900000| Untracked 
| 302|0x00000006a3a00000, 0x00000006a3a00000, 0x00000006a3b00000|  0%| F|  |TAMS 0x00000006a3a00000, 0x00000006a3a00000| Untracked 
| 303|0x00000006a3b00000, 0x00000006a3b00000, 0x00000006a3c00000|  0%| F|  |TAMS 0x00000006a3b00000, 0x00000006a3b00000| Untracked 
| 304|0x00000006a3c00000, 0x00000006a3c00000, 0x00000006a3d00000|  0%| F|  |TAMS 0x00000006a3c00000, 0x00000006a3c00000| Untracked 
| 305|0x00000006a3d00000, 0x00000006a3d00000, 0x00000006a3e00000|  0%| F|  |TAMS 0x00000006a3d00000, 0x00000006a3d00000| Untracked 
| 306|0x00000006a3e00000, 0x00000006a3e00000, 0x00000006a3f00000|  0%| F|  |TAMS 0x00000006a3e00000, 0x00000006a3e00000| Untracked 
| 307|0x00000006a3f00000, 0x00000006a3f00000, 0x00000006a4000000|  0%| F|  |TAMS 0x00000006a3f00000, 0x00000006a3f00000| Untracked 
| 308|0x00000006a4000000, 0x00000006a4000000, 0x00000006a4100000|  0%| F|  |TAMS 0x00000006a4000000, 0x00000006a4000000| Untracked 
| 309|0x00000006a4100000, 0x00000006a4100000, 0x00000006a4200000|  0%| F|  |TAMS 0x00000006a4100000, 0x00000006a4100000| Untracked 
| 310|0x00000006a4200000, 0x00000006a4200000, 0x00000006a4300000|  0%| F|  |TAMS 0x00000006a4200000, 0x00000006a4200000| Untracked 
| 311|0x00000006a4300000, 0x00000006a4300000, 0x00000006a4400000|  0%| F|  |TAMS 0x00000006a4300000, 0x00000006a4300000| Untracked 
| 312|0x00000006a4400000, 0x00000006a4400000, 0x00000006a4500000|  0%| F|  |TAMS 0x00000006a4400000, 0x00000006a4400000| Untracked 
| 313|0x00000006a4500000, 0x00000006a4500000, 0x00000006a4600000|  0%| F|  |TAMS 0x00000006a4500000, 0x00000006a4500000| Untracked 
| 314|0x00000006a4600000, 0x00000006a4600000, 0x00000006a4700000|  0%| F|  |TAMS 0x00000006a4600000, 0x00000006a4600000| Untracked 
| 315|0x00000006a4700000, 0x00000006a4700000, 0x00000006a4800000|  0%| F|  |TAMS 0x00000006a4700000, 0x00000006a4700000| Untracked 
| 316|0x00000006a4800000, 0x00000006a4800000, 0x00000006a4900000|  0%| F|  |TAMS 0x00000006a4800000, 0x00000006a4800000| Untracked 
| 317|0x00000006a4900000, 0x00000006a4900000, 0x00000006a4a00000|  0%| F|  |TAMS 0x00000006a4900000, 0x00000006a4900000| Untracked 
| 318|0x00000006a4a00000, 0x00000006a4a00000, 0x00000006a4b00000|  0%| F|  |TAMS 0x00000006a4a00000, 0x00000006a4a00000| Untracked 
| 319|0x00000006a4b00000, 0x00000006a4b00000, 0x00000006a4c00000|  0%| F|  |TAMS 0x00000006a4b00000, 0x00000006a4b00000| Untracked 
| 320|0x00000006a4c00000, 0x00000006a4c00000, 0x00000006a4d00000|  0%| F|  |TAMS 0x00000006a4c00000, 0x00000006a4c00000| Untracked 
| 321|0x00000006a4d00000, 0x00000006a4d00000, 0x00000006a4e00000|  0%| F|  |TAMS 0x00000006a4d00000, 0x00000006a4d00000| Untracked 
| 322|0x00000006a4e00000, 0x00000006a4e00000, 0x00000006a4f00000|  0%| F|  |TAMS 0x00000006a4e00000, 0x00000006a4e00000| Untracked 
| 323|0x00000006a4f00000, 0x00000006a4f00000, 0x00000006a5000000|  0%| F|  |TAMS 0x00000006a4f00000, 0x00000006a4f00000| Untracked 
| 324|0x00000006a5000000, 0x00000006a5000000, 0x00000006a5100000|  0%| F|  |TAMS 0x00000006a5000000, 0x00000006a5000000| Untracked 
| 325|0x00000006a5100000, 0x00000006a5100000, 0x00000006a5200000|  0%| F|  |TAMS 0x00000006a5100000, 0x00000006a5100000| Untracked 
| 326|0x00000006a5200000, 0x00000006a5200000, 0x00000006a5300000|  0%| F|  |TAMS 0x00000006a5200000, 0x00000006a5200000| Untracked 
| 327|0x00000006a5300000, 0x00000006a5300000, 0x00000006a5400000|  0%| F|  |TAMS 0x00000006a5300000, 0x00000006a5300000| Untracked 
| 328|0x00000006a5400000, 0x00000006a5400000, 0x00000006a5500000|  0%| F|  |TAMS 0x00000006a5400000, 0x00000006a5400000| Untracked 
| 329|0x00000006a5500000, 0x00000006a5500000, 0x00000006a5600000|  0%| F|  |TAMS 0x00000006a5500000, 0x00000006a5500000| Untracked 
| 330|0x00000006a5600000, 0x00000006a5600000, 0x00000006a5700000|  0%| F|  |TAMS 0x00000006a5600000, 0x00000006a5600000| Untracked 
| 331|0x00000006a5700000, 0x00000006a5700000, 0x00000006a5800000|  0%| F|  |TAMS 0x00000006a5700000, 0x00000006a5700000| Untracked 
| 332|0x00000006a5800000, 0x00000006a5800000, 0x00000006a5900000|  0%| F|  |TAMS 0x00000006a5800000, 0x00000006a5800000| Untracked 
| 333|0x00000006a5900000, 0x00000006a5900000, 0x00000006a5a00000|  0%| F|  |TAMS 0x00000006a5900000, 0x00000006a5900000| Untracked 
| 334|0x00000006a5a00000, 0x00000006a5a00000, 0x00000006a5b00000|  0%| F|  |TAMS 0x00000006a5a00000, 0x00000006a5a00000| Untracked 
| 335|0x00000006a5b00000, 0x00000006a5b00000, 0x00000006a5c00000|  0%| F|  |TAMS 0x00000006a5b00000, 0x00000006a5b00000| Untracked 
| 336|0x00000006a5c00000, 0x00000006a5c00000, 0x00000006a5d00000|  0%| F|  |TAMS 0x00000006a5c00000, 0x00000006a5c00000| Untracked 
| 337|0x00000006a5d00000, 0x00000006a5d00000, 0x00000006a5e00000|  0%| F|  |TAMS 0x00000006a5d00000, 0x00000006a5d00000| Untracked 
| 338|0x00000006a5e00000, 0x00000006a5e00000, 0x00000006a5f00000|  0%| F|  |TAMS 0x00000006a5e00000, 0x00000006a5e00000| Untracked 
| 339|0x00000006a5f00000, 0x00000006a5f00000, 0x00000006a6000000|  0%| F|  |TAMS 0x00000006a5f00000, 0x00000006a5f00000| Untracked 
| 340|0x00000006a6000000, 0x00000006a6000000, 0x00000006a6100000|  0%| F|  |TAMS 0x00000006a6000000, 0x00000006a6000000| Untracked 
| 341|0x00000006a6100000, 0x00000006a6100000, 0x00000006a6200000|  0%| F|  |TAMS 0x00000006a6100000, 0x00000006a6100000| Untracked 
| 342|0x00000006a6200000, 0x00000006a6200000, 0x00000006a6300000|  0%| F|  |TAMS 0x00000006a6200000, 0x00000006a6200000| Untracked 
| 343|0x00000006a6300000, 0x00000006a6300000, 0x00000006a6400000|  0%| F|  |TAMS 0x00000006a6300000, 0x00000006a6300000| Untracked 
| 344|0x00000006a6400000, 0x00000006a6400000, 0x00000006a6500000|  0%| F|  |TAMS 0x00000006a6400000, 0x00000006a6400000| Untracked 
| 345|0x00000006a6500000, 0x00000006a6500000, 0x00000006a6600000|  0%| F|  |TAMS 0x00000006a6500000, 0x00000006a6500000| Untracked 
| 346|0x00000006a6600000, 0x00000006a6600000, 0x00000006a6700000|  0%| F|  |TAMS 0x00000006a6600000, 0x00000006a6600000| Untracked 
| 347|0x00000006a6700000, 0x00000006a6700000, 0x00000006a6800000|  0%| F|  |TAMS 0x00000006a6700000, 0x00000006a6700000| Untracked 
| 348|0x00000006a6800000, 0x00000006a6800000, 0x00000006a6900000|  0%| F|  |TAMS 0x00000006a6800000, 0x00000006a6800000| Untracked 
| 349|0x00000006a6900000, 0x00000006a6900000, 0x00000006a6a00000|  0%| F|  |TAMS 0x00000006a6900000, 0x00000006a6900000| Untracked 
| 350|0x00000006a6a00000, 0x00000006a6a00000, 0x00000006a6b00000|  0%| F|  |TAMS 0x00000006a6a00000, 0x00000006a6a00000| Untracked 
| 351|0x00000006a6b00000, 0x00000006a6b00000, 0x00000006a6c00000|  0%| F|  |TAMS 0x00000006a6b00000, 0x00000006a6b00000| Untracked 
| 352|0x00000006a6c00000, 0x00000006a6c00000, 0x00000006a6d00000|  0%| F|  |TAMS 0x00000006a6c00000, 0x00000006a6c00000| Untracked 
| 353|0x00000006a6d00000, 0x00000006a6d00000, 0x00000006a6e00000|  0%| F|  |TAMS 0x00000006a6d00000, 0x00000006a6d00000| Untracked 
| 354|0x00000006a6e00000, 0x00000006a6e00000, 0x00000006a6f00000|  0%| F|  |TAMS 0x00000006a6e00000, 0x00000006a6e00000| Untracked 
| 355|0x00000006a6f00000, 0x00000006a6f00000, 0x00000006a7000000|  0%| F|  |TAMS 0x00000006a6f00000, 0x00000006a6f00000| Untracked 
| 356|0x00000006a7000000, 0x00000006a7000000, 0x00000006a7100000|  0%| F|  |TAMS 0x00000006a7000000, 0x00000006a7000000| Untracked 
| 357|0x00000006a7100000, 0x00000006a7100000, 0x00000006a7200000|  0%| F|  |TAMS 0x00000006a7100000, 0x00000006a7100000| Untracked 
| 358|0x00000006a7200000, 0x00000006a7200000, 0x00000006a7300000|  0%| F|  |TAMS 0x00000006a7200000, 0x00000006a7200000| Untracked 
| 359|0x00000006a7300000, 0x00000006a7300000, 0x00000006a7400000|  0%| F|  |TAMS 0x00000006a7300000, 0x00000006a7300000| Untracked 
| 360|0x00000006a7400000, 0x00000006a7400000, 0x00000006a7500000|  0%| F|  |TAMS 0x00000006a7400000, 0x00000006a7400000| Untracked 
| 361|0x00000006a7500000, 0x00000006a7500000, 0x00000006a7600000|  0%| F|  |TAMS 0x00000006a7500000, 0x00000006a7500000| Untracked 
| 362|0x00000006a7600000, 0x00000006a7600000, 0x00000006a7700000|  0%| F|  |TAMS 0x00000006a7600000, 0x00000006a7600000| Untracked 
| 363|0x00000006a7700000, 0x00000006a7700000, 0x00000006a7800000|  0%| F|  |TAMS 0x00000006a7700000, 0x00000006a7700000| Untracked 
| 364|0x00000006a7800000, 0x00000006a7800000, 0x00000006a7900000|  0%| F|  |TAMS 0x00000006a7800000, 0x00000006a7800000| Untracked 
| 365|0x00000006a7900000, 0x00000006a7900000, 0x00000006a7a00000|  0%| F|  |TAMS 0x00000006a7900000, 0x00000006a7900000| Untracked 
| 366|0x00000006a7a00000, 0x00000006a7a00000, 0x00000006a7b00000|  0%| F|  |TAMS 0x00000006a7a00000, 0x00000006a7a00000| Untracked 
| 367|0x00000006a7b00000, 0x00000006a7b00000, 0x00000006a7c00000|  0%| F|  |TAMS 0x00000006a7b00000, 0x00000006a7b00000| Untracked 
| 368|0x00000006a7c00000, 0x00000006a7c00000, 0x00000006a7d00000|  0%| F|  |TAMS 0x00000006a7c00000, 0x00000006a7c00000| Untracked 
| 369|0x00000006a7d00000, 0x00000006a7d00000, 0x00000006a7e00000|  0%| F|  |TAMS 0x00000006a7d00000, 0x00000006a7d00000| Untracked 
| 370|0x00000006a7e00000, 0x00000006a7e00000, 0x00000006a7f00000|  0%| F|  |TAMS 0x00000006a7e00000, 0x00000006a7e00000| Untracked 
| 371|0x00000006a7f00000, 0x00000006a7f00000, 0x00000006a8000000|  0%| F|  |TAMS 0x00000006a7f00000, 0x00000006a7f00000| Untracked 
| 372|0x00000006a8000000, 0x00000006a8000000, 0x00000006a8100000|  0%| F|  |TAMS 0x00000006a8000000, 0x00000006a8000000| Untracked 
| 373|0x00000006a8100000, 0x00000006a8100000, 0x00000006a8200000|  0%| F|  |TAMS 0x00000006a8100000, 0x00000006a8100000| Untracked 
| 374|0x00000006a8200000, 0x00000006a8200000, 0x00000006a8300000|  0%| F|  |TAMS 0x00000006a8200000, 0x00000006a8200000| Untracked 
| 375|0x00000006a8300000, 0x00000006a8300000, 0x00000006a8400000|  0%| F|  |TAMS 0x00000006a8300000, 0x00000006a8300000| Untracked 
| 376|0x00000006a8400000, 0x00000006a8400000, 0x00000006a8500000|  0%| F|  |TAMS 0x00000006a8400000, 0x00000006a8400000| Untracked 
| 377|0x00000006a8500000, 0x00000006a8500000, 0x00000006a8600000|  0%| F|  |TAMS 0x00000006a8500000, 0x00000006a8500000| Untracked 
| 378|0x00000006a8600000, 0x00000006a8600000, 0x00000006a8700000|  0%| F|  |TAMS 0x00000006a8600000, 0x00000006a8600000| Untracked 
| 379|0x00000006a8700000, 0x00000006a8700000, 0x00000006a8800000|  0%| F|  |TAMS 0x00000006a8700000, 0x00000006a8700000| Untracked 
| 380|0x00000006a8800000, 0x00000006a8800000, 0x00000006a8900000|  0%| F|  |TAMS 0x00000006a8800000, 0x00000006a8800000| Untracked 
| 381|0x00000006a8900000, 0x00000006a8900000, 0x00000006a8a00000|  0%| F|  |TAMS 0x00000006a8900000, 0x00000006a8900000| Untracked 
| 382|0x00000006a8a00000, 0x00000006a8a00000, 0x00000006a8b00000|  0%| F|  |TAMS 0x00000006a8a00000, 0x00000006a8a00000| Untracked 
| 383|0x00000006a8b00000, 0x00000006a8b00000, 0x00000006a8c00000|  0%| F|  |TAMS 0x00000006a8b00000, 0x00000006a8b00000| Untracked 
| 384|0x00000006a8c00000, 0x00000006a8c00000, 0x00000006a8d00000|  0%| F|  |TAMS 0x00000006a8c00000, 0x00000006a8c00000| Untracked 
| 385|0x00000006a8d00000, 0x00000006a8d00000, 0x00000006a8e00000|  0%| F|  |TAMS 0x00000006a8d00000, 0x00000006a8d00000| Untracked 
| 386|0x00000006a8e00000, 0x00000006a8e00000, 0x00000006a8f00000|  0%| F|  |TAMS 0x00000006a8e00000, 0x00000006a8e00000| Untracked 
| 387|0x00000006a8f00000, 0x00000006a9000000, 0x00000006a9000000|100%| E|  |TAMS 0x00000006a8f00000, 0x00000006a8f00000| Complete 
| 388|0x00000006a9000000, 0x00000006a9100000, 0x00000006a9100000|100%| E|CS|TAMS 0x00000006a9000000, 0x00000006a9000000| Complete 
| 389|0x00000006a9100000, 0x00000006a9200000, 0x00000006a9200000|100%| E|CS|TAMS 0x00000006a9100000, 0x00000006a9100000| Complete 
| 390|0x00000006a9200000, 0x00000006a9300000, 0x00000006a9300000|100%| E|CS|TAMS 0x00000006a9200000, 0x00000006a9200000| Complete 
| 391|0x00000006a9300000, 0x00000006a9400000, 0x00000006a9400000|100%| E|CS|TAMS 0x00000006a9300000, 0x00000006a9300000| Complete 
| 392|0x00000006a9400000, 0x00000006a9500000, 0x00000006a9500000|100%| E|CS|TAMS 0x00000006a9400000, 0x00000006a9400000| Complete 
| 393|0x00000006a9500000, 0x00000006a9600000, 0x00000006a9600000|100%| E|CS|TAMS 0x00000006a9500000, 0x00000006a9500000| Complete 
| 394|0x00000006a9600000, 0x00000006a9700000, 0x00000006a9700000|100%| E|CS|TAMS 0x00000006a9600000, 0x00000006a9600000| Complete 
| 395|0x00000006a9700000, 0x00000006a9800000, 0x00000006a9800000|100%| E|CS|TAMS 0x00000006a9700000, 0x00000006a9700000| Complete 
| 396|0x00000006a9800000, 0x00000006a9900000, 0x00000006a9900000|100%| E|CS|TAMS 0x00000006a9800000, 0x00000006a9800000| Complete 
| 397|0x00000006a9900000, 0x00000006a9a00000, 0x00000006a9a00000|100%| E|CS|TAMS 0x00000006a9900000, 0x00000006a9900000| Complete 
| 398|0x00000006a9a00000, 0x00000006a9b00000, 0x00000006a9b00000|100%| E|CS|TAMS 0x00000006a9a00000, 0x00000006a9a00000| Complete 
| 399|0x00000006a9b00000, 0x00000006a9c00000, 0x00000006a9c00000|100%| E|CS|TAMS 0x00000006a9b00000, 0x00000006a9b00000| Complete 
| 400|0x00000006a9c00000, 0x00000006a9d00000, 0x00000006a9d00000|100%| E|CS|TAMS 0x00000006a9c00000, 0x00000006a9c00000| Complete 
| 401|0x00000006a9d00000, 0x00000006a9e00000, 0x00000006a9e00000|100%| E|CS|TAMS 0x00000006a9d00000, 0x00000006a9d00000| Complete 
| 402|0x00000006a9e00000, 0x00000006a9f00000, 0x00000006a9f00000|100%| E|CS|TAMS 0x00000006a9e00000, 0x00000006a9e00000| Complete 
| 403|0x00000006a9f00000, 0x00000006aa000000, 0x00000006aa000000|100%| E|CS|TAMS 0x00000006a9f00000, 0x00000006a9f00000| Complete 
| 404|0x00000006aa000000, 0x00000006aa100000, 0x00000006aa100000|100%| E|CS|TAMS 0x00000006aa000000, 0x00000006aa000000| Complete 
| 405|0x00000006aa100000, 0x00000006aa200000, 0x00000006aa200000|100%| E|CS|TAMS 0x00000006aa100000, 0x00000006aa100000| Complete 
| 406|0x00000006aa200000, 0x00000006aa300000, 0x00000006aa300000|100%| E|CS|TAMS 0x00000006aa200000, 0x00000006aa200000| Complete 
| 407|0x00000006aa300000, 0x00000006aa400000, 0x00000006aa400000|100%| E|CS|TAMS 0x00000006aa300000, 0x00000006aa300000| Complete 
| 408|0x00000006aa400000, 0x00000006aa500000, 0x00000006aa500000|100%| E|CS|TAMS 0x00000006aa400000, 0x00000006aa400000| Complete 
| 409|0x00000006aa500000, 0x00000006aa600000, 0x00000006aa600000|100%| E|CS|TAMS 0x00000006aa500000, 0x00000006aa500000| Complete 
| 410|0x00000006aa600000, 0x00000006aa700000, 0x00000006aa700000|100%| E|CS|TAMS 0x00000006aa600000, 0x00000006aa600000| Complete 
| 411|0x00000006aa700000, 0x00000006aa800000, 0x00000006aa800000|100%| E|CS|TAMS 0x00000006aa700000, 0x00000006aa700000| Complete 
| 412|0x00000006aa800000, 0x00000006aa900000, 0x00000006aa900000|100%| E|CS|TAMS 0x00000006aa800000, 0x00000006aa800000| Complete 
| 413|0x00000006aa900000, 0x00000006aaa00000, 0x00000006aaa00000|100%| E|CS|TAMS 0x00000006aa900000, 0x00000006aa900000| Complete 
| 414|0x00000006aaa00000, 0x00000006aab00000, 0x00000006aab00000|100%| E|CS|TAMS 0x00000006aaa00000, 0x00000006aaa00000| Complete 
| 415|0x00000006aab00000, 0x00000006aac00000, 0x00000006aac00000|100%| E|CS|TAMS 0x00000006aab00000, 0x00000006aab00000| Complete 
| 416|0x00000006aac00000, 0x00000006aad00000, 0x00000006aad00000|100%| E|CS|TAMS 0x00000006aac00000, 0x00000006aac00000| Complete 
| 417|0x00000006aad00000, 0x00000006aae00000, 0x00000006aae00000|100%| E|CS|TAMS 0x00000006aad00000, 0x00000006aad00000| Complete 
| 418|0x00000006aae00000, 0x00000006aaf00000, 0x00000006aaf00000|100%| E|CS|TAMS 0x00000006aae00000, 0x00000006aae00000| Complete 
| 419|0x00000006aaf00000, 0x00000006ab000000, 0x00000006ab000000|100%| E|CS|TAMS 0x00000006aaf00000, 0x00000006aaf00000| Complete 
| 420|0x00000006ab000000, 0x00000006ab100000, 0x00000006ab100000|100%| E|CS|TAMS 0x00000006ab000000, 0x00000006ab000000| Complete 
| 421|0x00000006ab100000, 0x00000006ab200000, 0x00000006ab200000|100%| E|CS|TAMS 0x00000006ab100000, 0x00000006ab100000| Complete 
| 422|0x00000006ab200000, 0x00000006ab300000, 0x00000006ab300000|100%| E|CS|TAMS 0x00000006ab200000, 0x00000006ab200000| Complete 
| 423|0x00000006ab300000, 0x00000006ab400000, 0x00000006ab400000|100%| E|CS|TAMS 0x00000006ab300000, 0x00000006ab300000| Complete 
| 424|0x00000006ab400000, 0x00000006ab500000, 0x00000006ab500000|100%| E|CS|TAMS 0x00000006ab400000, 0x00000006ab400000| Complete 
| 425|0x00000006ab500000, 0x00000006ab600000, 0x00000006ab600000|100%| E|CS|TAMS 0x00000006ab500000, 0x00000006ab500000| Complete 
| 426|0x00000006ab600000, 0x00000006ab700000, 0x00000006ab700000|100%| E|CS|TAMS 0x00000006ab600000, 0x00000006ab600000| Complete 
| 427|0x00000006ab700000, 0x00000006ab800000, 0x00000006ab800000|100%| E|CS|TAMS 0x00000006ab700000, 0x00000006ab700000| Complete 
| 428|0x00000006ab800000, 0x00000006ab900000, 0x00000006ab900000|100%| E|CS|TAMS 0x00000006ab800000, 0x00000006ab800000| Complete 
| 429|0x00000006ab900000, 0x00000006aba00000, 0x00000006aba00000|100%| E|CS|TAMS 0x00000006ab900000, 0x00000006ab900000| Complete 
| 430|0x00000006aba00000, 0x00000006abb00000, 0x00000006abb00000|100%| E|CS|TAMS 0x00000006aba00000, 0x00000006aba00000| Complete 
| 431|0x00000006abb00000, 0x00000006abc00000, 0x00000006abc00000|100%| E|CS|TAMS 0x00000006abb00000, 0x00000006abb00000| Complete 
| 432|0x00000006abc00000, 0x00000006abd00000, 0x00000006abd00000|100%| E|CS|TAMS 0x00000006abc00000, 0x00000006abc00000| Complete 
| 433|0x00000006abd00000, 0x00000006abe00000, 0x00000006abe00000|100%| E|CS|TAMS 0x00000006abd00000, 0x00000006abd00000| Complete 
| 434|0x00000006abe00000, 0x00000006abf00000, 0x00000006abf00000|100%| E|CS|TAMS 0x00000006abe00000, 0x00000006abe00000| Complete 
| 435|0x00000006abf00000, 0x00000006ac000000, 0x00000006ac000000|100%| E|CS|TAMS 0x00000006abf00000, 0x00000006abf00000| Complete 
| 436|0x00000006ac000000, 0x00000006ac100000, 0x00000006ac100000|100%| E|CS|TAMS 0x00000006ac000000, 0x00000006ac000000| Complete 
| 437|0x00000006ac100000, 0x00000006ac200000, 0x00000006ac200000|100%| E|CS|TAMS 0x00000006ac100000, 0x00000006ac100000| Complete 
| 438|0x00000006ac200000, 0x00000006ac300000, 0x00000006ac300000|100%| E|CS|TAMS 0x00000006ac200000, 0x00000006ac200000| Complete 
| 439|0x00000006ac300000, 0x00000006ac400000, 0x00000006ac400000|100%| E|CS|TAMS 0x00000006ac300000, 0x00000006ac300000| Complete 
| 440|0x00000006ac400000, 0x00000006ac500000, 0x00000006ac500000|100%| E|CS|TAMS 0x00000006ac400000, 0x00000006ac400000| Complete 
| 441|0x00000006ac500000, 0x00000006ac600000, 0x00000006ac600000|100%| E|CS|TAMS 0x00000006ac500000, 0x00000006ac500000| Complete 

Card table byte_map: [0x0000018c0fb80000,0x0000018c10700000] _byte_map_base: 0x0000018c0c6fa000

Marking Bits (Prev, Next): (CMBitMap*) 0x0000018c777169e0, (CMBitMap*) 0x0000018c777169a8
 Prev Bits: [0x0000018c16e50000, 0x0000018c1ca20000)
 Next Bits: [0x0000018c11280000, 0x0000018c16e50000)

Polling page: 0x0000018c75560000

Metaspace:

Usage:
  Non-class:     54.64 MB capacity,    53.64 MB ( 98%) used,   809.91 KB (  1%) free+waste,   219.31 KB ( <1%) overhead. 
      Class:      8.15 MB capacity,     7.45 MB ( 91%) used,   615.52 KB (  7%) free+waste,   103.75 KB (  1%) overhead. 
       Both:     62.80 MB capacity,    61.09 MB ( 97%) used,     1.39 MB (  2%) free+waste,   323.06 KB ( <1%) overhead. 

Virtual space:
  Non-class space:       56.00 MB reserved,      54.86 MB ( 98%) committed 
      Class space:        1.00 GB reserved,       8.17 MB ( <1%) committed 
             Both:        1.05 GB reserved,      63.04 MB (  6%) committed 

Chunk freelists:
   Non-Class:  4.13 KB
       Class:  512 bytes
        Both:  4.63 KB

CodeHeap 'non-profiled nmethods': size=120000Kb used=4561Kb max_used=4561Kb free=115438Kb
 bounds [0x0000018c07ad0000, 0x0000018c07f50000, 0x0000018c0f000000]
CodeHeap 'profiled nmethods': size=120000Kb used=15476Kb max_used=15476Kb free=104523Kb
 bounds [0x0000018c005a0000, 0x0000018c014c0000, 0x0000018c07ad0000]
CodeHeap 'non-nmethods': size=5760Kb used=1206Kb max_used=1290Kb free=4553Kb
 bounds [0x0000018c00000000, 0x0000018c00270000, 0x0000018c005a0000]
 total_blobs=6645 nmethods=6087 adapters=468
 compilation: enabled
              stopped_count=0, restarted_count=0
 full_count=0

Compilation events (10 events):
Event: 18.426 Thread 0x0000018c1fe78800 6180       3       org.springframework.core.convert.support.GenericConversionService$ConverterCacheKey::equals (55 bytes)
Event: 18.426 Thread 0x0000018c1fe78800 nmethod 6180 0x0000018c014b9390 code [0x0000018c014b9560, 0x0000018c014b9b38]
Event: 18.445 Thread 0x0000018c1fe78800 6181       1       org.springframework.boot.context.properties.bind.Bindable::getValue (5 bytes)
Event: 18.445 Thread 0x0000018c1fe78800 nmethod 6181 0x0000018c07f43c90 code [0x0000018c07f43e20, 0x0000018c07f43ed8]
Event: 18.446 Thread 0x0000018c1fe78800 6182       3       org.springframework.boot.context.properties.bind.JavaBeanBinder$BeanProperty::addGetter (13 bytes)
Event: 18.446 Thread 0x0000018c1fe78800 nmethod 6182 0x0000018c014b9c90 code [0x0000018c014b9e40, 0x0000018c014b9fd8]
Event: 18.446 Thread 0x0000018c1fe78800 6183       3       org.springframework.boot.context.properties.bind.JavaBeanBinder$Bean$$Lambda$660/0x00000008005b8840::apply (12 bytes)
Event: 18.446 Thread 0x0000018c1fe78800 nmethod 6183 0x0000018c014ba090 code [0x0000018c014ba260, 0x0000018c014ba708]
Event: 18.455 Thread 0x0000018c1fe78800 6184       1       org.springframework.core.convert.TypeDescriptor::getResolvableType (5 bytes)
Event: 18.455 Thread 0x0000018c1fe78800 nmethod 6184 0x0000018c07f43f90 code [0x0000018c07f44120, 0x0000018c07f441d8]

GC Heap History (10 events):
Event: 4.747 GC heap before
{Heap before GC invocations=5 (full 0):
 garbage-first heap   total 376832K, used 88062K [0x0000000690c00000, 0x0000000800000000)
  region size 1024K, 73 young (74752K), 3 survivors (3072K)
 Metaspace       used 26874K, capacity 27667K, committed 27952K, reserved 1073152K
  class space    used 3256K, capacity 3573K, committed 3632K, reserved 1048576K
}
Event: 4.752 GC heap after
{Heap after GC invocations=6 (full 0):
 garbage-first heap   total 376832K, used 18231K [0x0000000690c00000, 0x0000000800000000)
  region size 1024K, 5 young (5120K), 5 survivors (5120K)
 Metaspace       used 26874K, capacity 27667K, committed 27952K, reserved 1073152K
  class space    used 3256K, capacity 3573K, committed 3632K, reserved 1048576K
}
Event: 6.443 GC heap before
{Heap before GC invocations=6 (full 0):
 garbage-first heap   total 376832K, used 131895K [0x0000000690c00000, 0x0000000800000000)
  region size 1024K, 116 young (118784K), 5 survivors (5120K)
 Metaspace       used 33928K, capacity 34820K, committed 34864K, reserved 1079296K
  class space    used 4025K, capacity 4380K, committed 4400K, reserved 1048576K
}
Event: 6.452 GC heap after
{Heap after GC invocations=7 (full 0):
 garbage-first heap   total 376832K, used 21399K [0x0000000690c00000, 0x0000000800000000)
  region size 1024K, 8 young (8192K), 8 survivors (8192K)
 Metaspace       used 33928K, capacity 34820K, committed 34864K, reserved 1079296K
  class space    used 4025K, capacity 4380K, committed 4400K, reserved 1048576K
}
Event: 6.639 GC heap before
{Heap before GC invocations=7 (full 0):
 garbage-first heap   total 376832K, used 30615K [0x0000000690c00000, 0x0000000800000000)
  region size 1024K, 18 young (18432K), 8 survivors (8192K)
 Metaspace       used 34724K, capacity 35633K, committed 35708K, reserved 1081344K
  class space    used 4117K, capacity 4480K, committed 4528K, reserved 1048576K
}
Event: 6.648 GC heap after
{Heap after GC invocations=8 (full 0):
 garbage-first heap   total 376832K, used 21465K [0x0000000690c00000, 0x0000000800000000)
  region size 1024K, 8 young (8192K), 8 survivors (8192K)
 Metaspace       used 34724K, capacity 35633K, committed 35708K, reserved 1081344K
  class space    used 4117K, capacity 4480K, committed 4528K, reserved 1048576K
}
Event: 12.127 GC heap before
{Heap before GC invocations=9 (full 0):
 garbage-first heap   total 376832K, used 236505K [0x0000000690c00000, 0x0000000800000000)
  region size 1024K, 218 young (223232K), 8 survivors (8192K)
 Metaspace       used 51035K, capacity 52329K, committed 52476K, reserved 1095680K
  class space    used 6153K, capacity 6686K, committed 6704K, reserved 1048576K
}
Event: 12.145 GC heap after
{Heap after GC invocations=10 (full 0):
 garbage-first heap   total 376832K, used 29013K [0x0000000690c00000, 0x0000000800000000)
  region size 1024K, 15 young (15360K), 15 survivors (15360K)
 Metaspace       used 51035K, capacity 52329K, committed 52476K, reserved 1095680K
  class space    used 6153K, capacity 6686K, committed 6704K, reserved 1048576K
}
Event: 17.252 GC heap before
{Heap before GC invocations=10 (full 0):
 garbage-first heap   total 376832K, used 224597K [0x0000000690c00000, 0x0000000800000000)
  region size 1024K, 207 young (211968K), 15 survivors (15360K)
 Metaspace       used 58209K, capacity 59842K, committed 59940K, reserved 1101824K
  class space    used 7132K, capacity 7807K, committed 7856K, reserved 1048576K
}
Event: 17.280 GC heap after
{Heap after GC invocations=11 (full 0):
 garbage-first heap   total 452608K, used 38029K [0x0000000690c00000, 0x0000000800000000)
  region size 1024K, 23 young (23552K), 23 survivors (23552K)
 Metaspace       used 58209K, capacity 59842K, committed 59940K, reserved 1101824K
  class space    used 7132K, capacity 7807K, committed 7856K, reserved 1048576K
}

Deoptimization events (10 events):
Event: 16.371 Thread 0x0000018c77698000 Uncommon trap: reason=unstable_if action=reinterpret pc=0x0000018c07e3f224 method=org.springframework.beans.factory.support.AbstractBeanFactory.isTypeMatch(Ljava/lang/String;Lorg/springframework/core/ResolvableType;Z)Z @ 34 c2
Event: 16.588 Thread 0x0000018c77698000 Uncommon trap: reason=speculate_class_check action=maybe_recompile pc=0x0000018c07ed21d8 method=java.lang.reflect.Executable.declaredAnnotations()Ljava/util/Map; @ 23 c2
Event: 16.597 Thread 0x0000018c77698000 Uncommon trap: reason=speculate_class_check action=maybe_recompile pc=0x0000018c07ed21d8 method=java.lang.reflect.Executable.declaredAnnotations()Ljava/util/Map; @ 23 c2
Event: 16.627 Thread 0x0000018c77698000 Uncommon trap: reason=speculate_class_check action=maybe_recompile pc=0x0000018c07ed21d8 method=java.lang.reflect.Executable.declaredAnnotations()Ljava/util/Map; @ 23 c2
Event: 16.631 Thread 0x0000018c77698000 Uncommon trap: reason=speculate_class_check action=maybe_recompile pc=0x0000018c07ed21d8 method=java.lang.reflect.Executable.declaredAnnotations()Ljava/util/Map; @ 23 c2
Event: 16.946 Thread 0x0000018c77698000 Uncommon trap: reason=unstable_if action=reinterpret pc=0x0000018c07e39d14 method=jdk.internal.reflect.Reflection.verifyMemberAccess(Ljava/lang/Class;Ljava/lang/Class;Ljava/lang/Class;I)Z @ 15 c2
Event: 16.954 Thread 0x0000018c77698000 Uncommon trap: reason=unstable_if action=reinterpret pc=0x0000018c07c34418 method=java.io.WinNTFileSystem.isLetter(C)Z @ 3 c2
Event: 18.269 Thread 0x0000018c77698000 Uncommon trap: reason=unstable_if action=reinterpret pc=0x0000018c07cb7be4 method=org.springframework.beans.factory.support.AbstractAutowireCapableBeanFactory.determineTargetType(Ljava/lang/String;Lorg/springframework/beans/factory/support/RootBeanDefinit
Event: 18.321 Thread 0x0000018c77698000 Uncommon trap: reason=bimorphic_or_optimized_type_check action=maybe_recompile pc=0x0000018c07ec5718 method=org.aspectj.weaver.World.resolve(Lorg/aspectj/weaver/ResolvedType;)Lorg/aspectj/weaver/ResolvedType; @ 36 c2
Event: 18.327 Thread 0x0000018c77698000 Uncommon trap: reason=bimorphic_or_optimized_type_check action=maybe_recompile pc=0x0000018c07ec5718 method=org.aspectj.weaver.World.resolve(Lorg/aspectj/weaver/ResolvedType;)Lorg/aspectj/weaver/ResolvedType; @ 36 c2

Classes redefined (0 events):
No events

Internal exceptions (10 events):
Event: 18.431 Thread 0x0000018c77698000 Exception <a 'java/lang/ClassNotFoundException'{0x00000006a943eac0}: org/springframework/context/ApplicationEventPublisherAwareCustomizer> (0x00000006a943eac0) thrown at [./open/src/hotspot/share/classfile/systemDictionary.cpp, line 228]
Event: 18.432 Thread 0x0000018c77698000 Exception <a 'java/lang/ClassNotFoundException'{0x00000006a945a6a0}: org/springframework/beans/factory/AwareCustomizer> (0x00000006a945a6a0) thrown at [./open/src/hotspot/share/classfile/systemDictionary.cpp, line 228]
Event: 18.436 Thread 0x0000018c77698000 Exception <a 'java/lang/ClassNotFoundException'{0x00000006a94aaec8}: java/lang/ObjectCustomizer> (0x00000006a94aaec8) thrown at [./open/src/hotspot/share/classfile/systemDictionary.cpp, line 228]
Event: 18.438 Thread 0x0000018c77698000 Exception <a 'java/lang/ClassNotFoundException'{0x00000006a94d05e0}: org/springframework/boot/autoconfigure/gson/GsonAutoConfigurationCustomizer> (0x00000006a94d05e0) thrown at [./open/src/hotspot/share/classfile/systemDictionary.cpp, line 228]
Event: 18.442 Thread 0x0000018c77698000 Exception <a 'java/lang/ClassNotFoundException'{0x00000006a94e80c8}: java/lang/ObjectCustomizer> (0x00000006a94e80c8) thrown at [./open/src/hotspot/share/classfile/systemDictionary.cpp, line 228]
Event: 18.444 Thread 0x0000018c77698000 Exception <a 'java/lang/ClassNotFoundException'{0x00000006a930c438}: org/springframework/boot/autoconfigure/gson/GsonPropertiesCustomizer> (0x00000006a930c438) thrown at [./open/src/hotspot/share/classfile/systemDictionary.cpp, line 228]
Event: 18.450 Thread 0x0000018c77698000 Exception <a 'java/lang/ClassNotFoundException'{0x00000006a93cc048}: java/lang/ObjectCustomizer> (0x00000006a93cc048) thrown at [./open/src/hotspot/share/classfile/systemDictionary.cpp, line 228]
Event: 18.451 Thread 0x0000018c77698000 Exception <a 'java/lang/ClassNotFoundException'{0x00000006a93f8010}: org/springframework/boot/autoconfigure/gson/GsonAutoConfiguration$StandardGsonBuilderCustomizerCustomizer> (0x00000006a93f8010) thrown at [./open/src/hotspot/share/classfile/systemDictio
Event: 18.453 Thread 0x0000018c77698000 Exception <a 'java/lang/ClassNotFoundException'{0x00000006a921f0b8}: org/springframework/boot/autoconfigure/gson/GsonBuilderCustomizerCustomizer> (0x00000006a921f0b8) thrown at [./open/src/hotspot/share/classfile/systemDictionary.cpp, line 228]
Event: 18.454 Thread 0x0000018c77698000 Exception <a 'java/lang/ClassNotFoundException'{0x00000006a9239070}: org/springframework/core/OrderedCustomizer> (0x00000006a9239070) thrown at [./open/src/hotspot/share/classfile/systemDictionary.cpp, line 228]

Events (10 events):
Event: 18.471 loading class org/springframework/boot/autoconfigure/gson/GsonProperties
Event: 18.471 loading class org/springframework/boot/autoconfigure/gson/GsonProperties done
Event: 18.472 loading class com/google/gson/FieldNamingPolicy
Event: 18.472 loading class com/google/gson/FieldNamingPolicy done
Event: 18.472 loading class com/google/gson/FieldNamingPolicy
Event: 18.472 loading class com/google/gson/FieldNamingPolicy done
Event: 18.472 loading class com/google/gson/GsonBuilder
Event: 18.472 loading class com/google/gson/GsonBuilder done
Event: 18.472 loading class org/springframework/boot/autoconfigure/gson/GsonProperties
Event: 18.472 loading class org/springframework/boot/autoconfigure/gson/GsonProperties done


Dynamic libraries:
0x00007ff7f1620000 - 0x00007ff7f162f000 	C:\Program Files\Java\jdk-11.0.11\bin\java.exe
0x00007ffe8d190000 - 0x00007ffe8d388000 	C:\WINDOWS\SYSTEM32\ntdll.dll
0x00007ffe8c830000 - 0x00007ffe8c8ef000 	C:\WINDOWS\System32\KERNEL32.DLL
0x00007ffe8a870000 - 0x00007ffe8ab66000 	C:\WINDOWS\System32\KERNELBASE.dll
0x00007ffe8b0f0000 - 0x00007ffe8b1f0000 	C:\WINDOWS\System32\ucrtbase.dll
0x00007ffe60150000 - 0x00007ffe60165000 	C:\Program Files\Java\jdk-11.0.11\bin\VCRUNTIME140.dll
0x00007ffe61530000 - 0x00007ffe61548000 	C:\Program Files\Java\jdk-11.0.11\bin\jli.dll
0x00007ffe8bca0000 - 0x00007ffe8bd4f000 	C:\WINDOWS\System32\ADVAPI32.dll
0x00007ffe8b2d0000 - 0x00007ffe8b36e000 	C:\WINDOWS\System32\msvcrt.dll
0x00007ffe8c4a0000 - 0x00007ffe8c53c000 	C:\WINDOWS\System32\sechost.dll
0x00007ffe8b3e0000 - 0x00007ffe8b506000 	C:\WINDOWS\System32\RPCRT4.dll
0x00007ffe8c690000 - 0x00007ffe8c82d000 	C:\WINDOWS\System32\USER32.dll
0x00007ffe8adc0000 - 0x00007ffe8ade2000 	C:\WINDOWS\System32\win32u.dll
0x00007ffe75500000 - 0x00007ffe7579a000 	C:\WINDOWS\WinSxS\amd64_microsoft.windows.common-controls_6595b64144ccf1df_6.0.19041.1110_none_60b5254171f9507e\COMCTL32.dll
0x00007ffe8b700000 - 0x00007ffe8b72c000 	C:\WINDOWS\System32\GDI32.dll
0x00007ffe8adf0000 - 0x00007ffe8af05000 	C:\WINDOWS\System32\gdi32full.dll
0x00007ffe8ac00000 - 0x00007ffe8ac9d000 	C:\WINDOWS\System32\msvcp_win.dll
0x00007ffe820c0000 - 0x00007ffe820ca000 	C:\WINDOWS\SYSTEM32\VERSION.dll
0x00007ffe8c660000 - 0x00007ffe8c690000 	C:\WINDOWS\System32\IMM32.DLL
0x00007ffe56c50000 - 0x00007ffe56ceb000 	C:\Program Files\Java\jdk-11.0.11\bin\msvcp140.dll
0x00007ffdbc830000 - 0x00007ffdbd32e000 	C:\Program Files\Java\jdk-11.0.11\bin\server\jvm.dll
0x00007ffe8b3d0000 - 0x00007ffe8b3d8000 	C:\WINDOWS\System32\PSAPI.DLL
0x00007ffe799c0000 - 0x00007ffe799c9000 	C:\WINDOWS\SYSTEM32\WSOCK32.dll
0x00007ffe80c90000 - 0x00007ffe80cb7000 	C:\WINDOWS\SYSTEM32\WINMM.dll
0x00007ffe8bc30000 - 0x00007ffe8bc9b000 	C:\WINDOWS\System32\WS2_32.dll
0x00007ffe89310000 - 0x00007ffe89322000 	C:\WINDOWS\SYSTEM32\kernel.appcore.dll
0x00007ffe64bb0000 - 0x00007ffe64bc0000 	C:\Program Files\Java\jdk-11.0.11\bin\verify.dll
0x00007ffe88bf0000 - 0x00007ffe88dd4000 	C:\WINDOWS\SYSTEM32\DBGHELP.DLL
0x00007ffe7afb0000 - 0x00007ffe7afe4000 	C:\WINDOWS\SYSTEM32\dbgcore.DLL
0x00007ffe8ab70000 - 0x00007ffe8abf2000 	C:\WINDOWS\System32\bcryptPrimitives.dll
0x00007ffe57e50000 - 0x00007ffe57e78000 	C:\Program Files\Java\jdk-11.0.11\bin\java.dll
0x00007ffe64910000 - 0x00007ffe6491a000 	C:\Program Files\Java\jdk-11.0.11\bin\jimage.dll
0x00007ffe86000000 - 0x00007ffe8600e000 	C:\Program Files\Java\jdk-11.0.11\bin\instrument.dll
0x00007ffe584f0000 - 0x00007ffe58506000 	C:\Program Files\Java\jdk-11.0.11\bin\zip.dll
0x00007ffe8bd50000 - 0x00007ffe8c494000 	C:\WINDOWS\System32\SHELL32.dll
0x00007ffe88450000 - 0x00007ffe88be3000 	C:\WINDOWS\SYSTEM32\windows.storage.dll
0x00007ffe8cb50000 - 0x00007ffe8cea4000 	C:\WINDOWS\System32\combase.dll
0x00007ffe8a1e0000 - 0x00007ffe8a20e000 	C:\WINDOWS\SYSTEM32\Wldp.dll
0x00007ffe8b210000 - 0x00007ffe8b2bd000 	C:\WINDOWS\System32\SHCORE.dll
0x00007ffe8b6a0000 - 0x00007ffe8b6f5000 	C:\WINDOWS\System32\shlwapi.dll
0x00007ffe8a7a0000 - 0x00007ffe8a7c5000 	C:\WINDOWS\SYSTEM32\profapi.dll
0x00007ffe579e0000 - 0x00007ffe579f9000 	C:\Program Files\Java\jdk-11.0.11\bin\net.dll
0x00007ffe82f50000 - 0x00007ffe8305a000 	C:\WINDOWS\SYSTEM32\WINHTTP.dll
0x00007ffe89f40000 - 0x00007ffe89faa000 	C:\WINDOWS\system32\mswsock.dll
0x00007ffe579c0000 - 0x00007ffe579d2000 	C:\Program Files\Java\jdk-11.0.11\bin\nio.dll
0x00007ffe84880000 - 0x00007ffe8489a000 	D:\idea_home\IntelliJ IDEA 2022.3.3\bin\breakgen64.dll
0x00007ffe6bea0000 - 0x00007ffe6bea9000 	C:\Program Files\Java\jdk-11.0.11\bin\management.dll
0x00007ffe6b230000 - 0x00007ffe6b23b000 	C:\Program Files\Java\jdk-11.0.11\bin\management_ext.dll
0x00007ffe76b20000 - 0x00007ffe76b6b000 	C:\Program Files (x86)\Sangfor\SSL\ClientComponent\1_SangforNspX64.dll
0x00007ffe8b510000 - 0x00007ffe8b63a000 	C:\WINDOWS\System32\ole32.dll
0x00007ffe8ca80000 - 0x00007ffe8cb4d000 	C:\WINDOWS\System32\OLEAUT32.dll
0x00007ffe6ee40000 - 0x00007ffe6ee57000 	C:\WINDOWS\system32\napinsp.dll
0x00007ffe6ee20000 - 0x00007ffe6ee3b000 	C:\WINDOWS\system32\pnrpnsp.dll
0x00007ffe6ecd0000 - 0x00007ffe6ece5000 	C:\WINDOWS\system32\wshbth.dll
0x00007ffe84b00000 - 0x00007ffe84b1d000 	C:\WINDOWS\system32\NLAapi.dll
0x00007ffe89c30000 - 0x00007ffe89c6b000 	C:\WINDOWS\SYSTEM32\IPHLPAPI.DLL
0x00007ffe89c70000 - 0x00007ffe89d3a000 	C:\WINDOWS\SYSTEM32\DNSAPI.dll
0x00007ffe8b2c0000 - 0x00007ffe8b2c8000 	C:\WINDOWS\System32\NSI.dll
0x00007ffe6ecb0000 - 0x00007ffe6ecc2000 	C:\WINDOWS\System32\winrnr.dll
0x00007ffe7a960000 - 0x00007ffe7aada000 	C:\Program Files (x86)\Sangfor\SSL\ClientComponent3\SangforTcpX64.dll
0x00007ffe8ad50000 - 0x00007ffe8adb7000 	C:\WINDOWS\System32\WINTRUST.dll
0x00007ffe8af40000 - 0x00007ffe8b09e000 	C:\WINDOWS\System32\CRYPT32.dll
0x00007ffe8a370000 - 0x00007ffe8a382000 	C:\WINDOWS\SYSTEM32\MSASN1.dll
0x00007ffe824c0000 - 0x00007ffe824ca000 	C:\Windows\System32\rasadhlp.dll
0x00007ffe81f10000 - 0x00007ffe81f92000 	C:\WINDOWS\System32\fwpuclnt.dll
0x00007ffe8af10000 - 0x00007ffe8af37000 	C:\WINDOWS\System32\bcrypt.dll
0x00007ffe844d0000 - 0x00007ffe844e7000 	C:\WINDOWS\SYSTEM32\dhcpcsvc6.DLL
0x00007ffe84420000 - 0x00007ffe8443d000 	C:\WINDOWS\SYSTEM32\dhcpcsvc.DLL
0x0000000180000000 - 0x0000000180285000 	E:\apache-tomcat-8.5.57\bin\tcnative-1.dll

dbghelp: loaded successfully - version: 4.0.5 - missing functions: none
symbol engine: initialized successfully - sym options: 0x614 - pdb path: .;C:\Program Files\Java\jdk-11.0.11\bin;C:\WINDOWS\SYSTEM32;C:\WINDOWS\WinSxS\amd64_microsoft.windows.common-controls_6595b64144ccf1df_6.0.19041.1110_none_60b5254171f9507e;C:\Program Files\Java\jdk-11.0.11\bin\server;D:\idea_home\IntelliJ IDEA 2022.3.3\bin;C:\Program Files (x86)\Sangfor\SSL\ClientComponent;C:\Program Files (x86)\Sangfor\SSL\ClientComponent3;E:\apache-tomcat-8.5.57\bin

VM Arguments:
jvm_args: -ea -Didea.test.cyclic.buffer.size=1048576 -javaagent:D:\idea_home\IntelliJ IDEA 2022.3.3\lib\idea_rt.jar=56231:D:\idea_home\IntelliJ IDEA 2022.3.3\bin -Dfile.encoding=UTF-8 
java_command: com.intellij.rt.junit.JUnitStarter -ideVersion5 -junit5 com.lms.lmsapi.lmsapiTest,test
java_class_path (initial): C:\Users\YD\.m2\repository\org\junit\platform\junit-platform-launcher\1.6.3\junit-platform-launcher-1.6.3.jar;C:\Users\YD\.m2\repository\org\apiguardian\apiguardian-api\1.1.0\apiguardian-api-1.1.0.jar;C:\Users\YD\.m2\repository\org\junit\platform\junit-platform-engine\1.6.3\junit-platform-engine-1.6.3.jar;C:\Users\YD\.m2\repository\org\opentest4j\opentest4j\1.2.0\opentest4j-1.2.0.jar;C:\Users\YD\.m2\repository\org\junit\platform\junit-platform-commons\1.6.3\junit-platform-commons-1.6.3.jar;D:\idea_home\IntelliJ IDEA 2022.3.3\lib\idea_rt.jar;D:\idea_home\IntelliJ IDEA 2022.3.3\plugins\junit\lib\junit5-rt.jar;D:\idea_home\IntelliJ IDEA 2022.3.3\plugins\junit\lib\junit-rt.jar;D:\demo\lms-api\lmsapi-server\target\test-classes;D:\demo\lms-api\lmsapi-server\target\classes;D:\demo\lms-api\lmsapi-client-sdk\target\classes;D:\demo\lms-api\lmsapi-common\target\classes;D:\apache-maven-3.6.1\maven_repository\org\springframework\boot\spring-boot-starter-mail\2.3.9.RELEASE\spring-boot-starter-mail-2.3.9.RELEASE.jar;D:\apache-maven-3.6.1\maven_repository\org\springframework\boot\spring-boot-starter\2.3.9.RELEASE\spring-boot-starter-2.3.9.RELEASE.jar;D:\apache-maven-3.6.1\maven_repository\org\springframework\boot\spring-boot\2.3.9.RELEASE\spring-boot-2.3.9.RELEASE.jar;D:\apache-maven-3.6.1\maven_repository\org\springframework\boot\spring-boot-starter-logging\2.3.9.RELEASE\spring-boot-starter-logging-2.3.9.RELEASE.jar;D:\apache-maven-3.6.1\maven_repository\ch\qos\logback\logback-classic\1.2.3\logback-classic-1.2.3.jar;D:\apache-maven-3.6.1\maven_repository\ch\qos\logback\logback-core\1.2.3\logback-core-1.2.3.jar;D:\apache-maven-3.6.1\maven_repository\org\apache\logging\log4j\log4j-to-slf4j\2.13.3\log4j-to-slf4j-2.13.3.jar;D:\apache-maven-3.6.1\maven_repository\org\apache\logging\log4j\log4j-api\2.13.3\log4j-api-2.13.3.jar;D:\apache-maven-3.6.1\maven_repository\org\slf4j\jul-to-slf4j\1.7.30\jul-to-slf4j-1.7.30.jar;D:\apache-maven-3.6.1\maven_repository\ja
Launcher Type: SUN_STANDARD

[Global flags]
     intx CICompilerCount                          = 4                                         {product} {ergonomic}
     uint ConcGCThreads                            = 2                                         {product} {ergonomic}
     uint G1ConcRefinementThreads                  = 8                                         {product} {ergonomic}
   size_t G1HeapRegionSize                         = 1048576                                   {product} {ergonomic}
    uintx GCDrainStackTargetSize                   = 64                                        {product} {ergonomic}
   size_t InitialHeapSize                          = 385875968                                 {product} {ergonomic}
   size_t MarkStackSize                            = 4194304                                   {product} {ergonomic}
   size_t MaxHeapSize                              = 6161432576                                {product} {ergonomic}
   size_t MaxNewSize                               = 3696230400                                {product} {ergonomic}
   size_t MinHeapDeltaBytes                        = 1048576                                   {product} {ergonomic}
    uintx NonNMethodCodeHeapSize                   = 5836300                                {pd product} {ergonomic}
    uintx NonProfiledCodeHeapSize                  = 122910970                              {pd product} {ergonomic}
    uintx ProfiledCodeHeapSize                     = 122910970                              {pd product} {ergonomic}
    uintx ReservedCodeCacheSize                    = 251658240                              {pd product} {ergonomic}
     bool SegmentedCodeCache                       = true                                      {product} {ergonomic}
     bool UseCompressedClassPointers               = true                                 {lp64_product} {ergonomic}
     bool UseCompressedOops                        = true                                 {lp64_product} {ergonomic}
     bool UseG1GC                                  = true                                      {product} {ergonomic}
     bool UseLargePagesIndividualAllocation        = false                                  {pd product} {ergonomic}

Logging:
Log output configuration:
 #0: stdout all=warning uptime,level,tags
 #1: stderr all=off uptime,level,tags

Environment Variables:
JAVA_HOME=C:\Program Files\Java\jdk-11.0.11
CLASSPATH=.;C:\Program Files\Java\jdk-11.0.11\lib\dt.jar;C:\Program Files\Java\jdk-11.0.11\lib\tools.jar.;E:\apache-tomcat-8.5.57\lib\servlet-api.jar
PATH=C:\Program Files\Common Files\Oracle\Java\javapath;D:\anaconda3_64;D:\anaconda3_64\Library\mingw-w64\bin;D:\anaconda3_64\Library\usr\bin;D:\anaconda3_64\Library\bin;D:\anaconda3_64\Scripts;C:\WINDOWS\system32;C:\WINDOWS;C:\WINDOWS\System32\Wbem;C:\WINDOWS\System32\WindowsPowerShell\v1.0\;C:\Program Files\Java\jdk-11.0.11\bin;C:\Program Files\Java\jdk-11.0.11\jre\bin;D:\mysql8.0_server\mysql-8.0.18-winx64\bin;E:\apache-tomcat-8.5.57\bin;C:\Users\YD\AppData\Local\Programs\Python\Python39;E:\Git\cmd;C:\WINDOWS\System32\OpenSSH\;D:\apache-maven-3.6.1\bin;D:\sqlserver\共享86\110\Tools\Binn\;D:\sqlserver\共享\110\Tools\Binn\;D:\sqlserver\共享\110\DTS\Binn\;D:\sqlserver\共享86\110\Tools\Binn\ManagementStudio\;D:\sqlserver\共享86\110\DTS\Binn\;E:\node_home\;D:\matlab\new_matlab\runtime\win64;D:\matlab\new_matlab\bin;D:\matlab\new_matlab\polyspace\bin;C:\Users\YD\AppData\Local\Microsoft\WindowsApps;;C:\Users\YD\AppData\Local\Programs\Fiddler;D:\fidder\Fiddler;C:\Users\YD\AppData\Roaming\npm;E:\pycharm_pro_home\PyCharm 2022.3.3\bin;
USERNAME=YD
OS=Windows_NT
PROCESSOR_IDENTIFIER=AMD64 Family 23 Model 17 Stepping 0, AuthenticAMD



---------------  S Y S T E M  ---------------

OS: Windows 10 , 64 bit Build 19041 (10.0.19041.3155)

CPU:total 8 (initial active 8) (8 cores per cpu, 2 threads per core) family 23 model 17 stepping 0 microcode 0x0, cmov, cx8, fxsr, mmx, sse, sse2, sse3, ssse3, sse4.1, sse4.2, popcnt, avx, avx2, aes, clmul, mmxext, 3dnowpref, lzcnt, sse4a, ht, tsc, tscinvbit, tscinv, bmi1, bmi2, adx, s

Memory: 4k page, system-wide physical 23500M (6271M free)
TotalPageFile size 29466M (AvailPageFile size 15M)
current process WorkingSet (physical memory assigned to process): 544M, peak: 544M
current process commit charge ("private bytes"): 728M, peak: 730M

vm_info: Java HotSpot(TM) 64-Bit Server VM (11.0.11+9-LTS-194) for windows-amd64 JRE (11.0.11+9-LTS-194), built on Mar 18 2021 18:46:53 by "mach5one" with MS VC++ 15.9 (VS2017)

END.
